2020/03/31 09:43:23 [error] 920#920: *2 FastCGI sent in stderr: "PHP message: PHP Fatal error:  Uncaught Twig\Error\SyntaxError: Unexpected token "punctuation" of value "|". in /home/ajayd/web/ajayd.twigtraining.36.aum/templates/twig-filter.html.twig:6
Stack trace:
#0 /home/ajayd/web/ajayd.twigtraining.36.aum/vendor/twig/twig/src/ExpressionParser.php(175): Twig\ExpressionParser->parsePrimaryExpression()
#1 /home/ajayd/web/ajayd.twigtraining.36.aum/vendor/twig/twig/src/ExpressionParser.php(70): Twig\ExpressionParser->getPrimary()
#2 /home/ajayd/web/ajayd.twigtraining.36.aum/vendor/twig/twig/src/TokenParser/BlockTokenParser.php(55): Twig\ExpressionParser->parseExpression()
#3 /home/ajayd/web/ajayd.twigtraining.36.aum/vendor/twig/twig/src/Parser.php(182): Twig\TokenParser\BlockTokenParser->parse(Object(Twig\Token))
#4 /home/ajayd/web/ajayd.twigtraining.36.aum/vendor/twig/twig/src/Parser.php(95): Twig\Parser->subparse(NULL, false)
#5 /home/ajayd/web/ajayd.twigtraining.36.aum/vendor/twig/twig/src/Environment.php(479): Twig\Parser->parse(Object(Twig\TokenStream))
#6 /home/aj" while reading response header from upstream, client: 127.0.0.1, server: ajayd.twigtraining.36.aum, request: "GET /twig-filter.php HTTP/1.1", upstream: "fastcgi://unix:/var/run/php/php7.2-fpm.sock:", host: "ajayd.twigtraining.36.aum"
2020/03/31 09:52:47 [error] 920#920: *19 FastCGI sent in stderr: "PHP message: PHP Fatal error:  Uncaught Twig\Error\SyntaxError: A block must start with a tag name. in /home/ajayd/web/ajayd.twigtraining.36.aum/templates/twig-filter.html.twig:24
Stack trace:
#0 /home/ajayd/web/ajayd.twigtraining.36.aum/vendor/twig/twig/src/TokenParser/BlockTokenParser.php(45): Twig\Parser->subparse(Array, true)
#1 /home/ajayd/web/ajayd.twigtraining.36.aum/vendor/twig/twig/src/Parser.php(182): Twig\TokenParser\BlockTokenParser->parse(Object(Twig\Token))
#2 /home/ajayd/web/ajayd.twigtraining.36.aum/vendor/twig/twig/src/Parser.php(95): Twig\Parser->subparse(NULL, false)
#3 /home/ajayd/web/ajayd.twigtraining.36.aum/vendor/twig/twig/src/Environment.php(479): Twig\Parser->parse(Object(Twig\TokenStream))
#4 /home/ajayd/web/ajayd.twigtraining.36.aum/vendor/twig/twig/src/Environment.php(507): Twig\Environment->parse(Object(Twig\TokenStream))
#5 /home/ajayd/web/ajayd.twigtraining.36.aum/vendor/twig/twig/src/Environment.php(348): Twig\Environment->compileSource(Object(Twig\Source))
#6 /home/ajayd/" while reading response header from upstream, client: 127.0.0.1, server: ajayd.twigtraining.36.aum, request: "GET /twig-filter.php HTTP/1.1", upstream: "fastcgi://unix:/var/run/php/php7.2-fpm.sock:", host: "ajayd.twigtraining.36.aum"
2020/03/31 10:02:51 [error] 920#920: *23 FastCGI sent in stderr: "PHP message: PHP Notice:  Array to string conversion in /home/ajayd/web/ajayd.twigtraining.36.aum/vendor/twig/twig/src/Environment.php(358) : eval()'d code on line 121" while reading response header from upstream, client: 127.0.0.1, server: ajayd.twigtraining.36.aum, request: "GET /twig-filter.php HTTP/1.1", upstream: "fastcgi://unix:/var/run/php/php7.2-fpm.sock:", host: "ajayd.twigtraining.36.aum"
2020/03/31 10:03:23 [error] 920#920: *23 FastCGI sent in stderr: "PHP message: PHP Fatal error:  Uncaught Twig\Error\SyntaxError: Unknown "print_r" function. in /home/ajayd/web/ajayd.twigtraining.36.aum/templates/twig-filter.html.twig:31
Stack trace:
#0 /home/ajayd/web/ajayd.twigtraining.36.aum/vendor/twig/twig/src/ExpressionParser.php(446): Twig\ExpressionParser->getFunctionNodeClass('print_r', 31)
#1 /home/ajayd/web/ajayd.twigtraining.36.aum/vendor/twig/twig/src/ExpressionParser.php(235): Twig\ExpressionParser->getFunctionNode('print_r', 31)
#2 /home/ajayd/web/ajayd.twigtraining.36.aum/vendor/twig/twig/src/ExpressionParser.php(175): Twig\ExpressionParser->parsePrimaryExpression()
#3 /home/ajayd/web/ajayd.twigtraining.36.aum/vendor/twig/twig/src/ExpressionParser.php(70): Twig\ExpressionParser->getPrimary()
#4 /home/ajayd/web/ajayd.twigtraining.36.aum/vendor/twig/twig/src/Parser.php(139): Twig\ExpressionParser->parseExpression()
#5 /home/ajayd/web/ajayd.twigtraining.36.aum/vendor/twig/twig/src/TokenParser/BlockTokenParser.php(45): Twig\Parser->subparse(Array, true)
#6 /" while reading response header from upstream, client: 127.0.0.1, server: ajayd.twigtraining.36.aum, request: "GET /twig-filter.php HTTP/1.1", upstream: "fastcgi://unix:/var/run/php/php7.2-fpm.sock:", host: "ajayd.twigtraining.36.aum"
2020/03/31 10:03:55 [error] 920#920: *23 FastCGI sent in stderr: "PHP message: PHP Fatal error:  Uncaught Twig\Error\SyntaxError: Unexpected character ";". in /home/ajayd/web/ajayd.twigtraining.36.aum/templates/twig-filter.html.twig:32
Stack trace:
#0 /home/ajayd/web/ajayd.twigtraining.36.aum/vendor/twig/twig/src/Lexer.php(290): Twig\Lexer->lexExpression()
#1 /home/ajayd/web/ajayd.twigtraining.36.aum/vendor/twig/twig/src/Lexer.php(184): Twig\Lexer->lexVar()
#2 /home/ajayd/web/ajayd.twigtraining.36.aum/vendor/twig/twig/src/Environment.php(460): Twig\Lexer->tokenize(Object(Twig\Source))
#3 /home/ajayd/web/ajayd.twigtraining.36.aum/vendor/twig/twig/src/Environment.php(507): Twig\Environment->tokenize(Object(Twig\Source))
#4 /home/ajayd/web/ajayd.twigtraining.36.aum/vendor/twig/twig/src/Environment.php(348): Twig\Environment->compileSource(Object(Twig\Source))
#5 /home/ajayd/web/ajayd.twigtraining.36.aum/vendor/twig/twig/src/Environment.php(309): Twig\Environment->loadTemplate('__TwigTemplate_...', 'twig-filter.htm...')
#6 /home/ajayd/web/ajayd.twigtraining.36.aum/vendor/tw" while reading response header from upstream, client: 127.0.0.1, server: ajayd.twigtraining.36.aum, request: "GET /twig-filter.php HTTP/1.1", upstream: "fastcgi://unix:/var/run/php/php7.2-fpm.sock:", host: "ajayd.twigtraining.36.aum"
2020/03/31 13:01:02 [error] 920#920: *91 FastCGI sent in stderr: "PHP message: PHP Fatal error:  Uncaught Twig\Error\SyntaxError: Unexpected character ";". in /home/ajayd/web/ajayd.twigtraining.36.aum/templates/calendar.html.twig:37
Stack trace:
#0 /home/ajayd/web/ajayd.twigtraining.36.aum/vendor/twig/twig/src/Lexer.php(279): Twig\Lexer->lexExpression()
#1 /home/ajayd/web/ajayd.twigtraining.36.aum/vendor/twig/twig/src/Lexer.php(180): Twig\Lexer->lexBlock()
#2 /home/ajayd/web/ajayd.twigtraining.36.aum/vendor/twig/twig/src/Environment.php(460): Twig\Lexer->tokenize(Object(Twig\Source))
#3 /home/ajayd/web/ajayd.twigtraining.36.aum/vendor/twig/twig/src/Environment.php(507): Twig\Environment->tokenize(Object(Twig\Source))
#4 /home/ajayd/web/ajayd.twigtraining.36.aum/vendor/twig/twig/src/Environment.php(348): Twig\Environment->compileSource(Object(Twig\Source))
#5 /home/ajayd/web/ajayd.twigtraining.36.aum/vendor/twig/twig/src/Environment.php(309): Twig\Environment->loadTemplate('__TwigTemplate_...', 'calendar.html.t...')
#6 /home/ajayd/web/ajayd.twigtraining.36.aum/vendor/twi" while reading response header from upstream, client: 127.0.0.1, server: ajayd.twigtraining.36.aum, request: "GET /calendar.php HTTP/1.1", upstream: "fastcgi://unix:/var/run/php/php7.2-fpm.sock:", host: "ajayd.twigtraining.36.aum"
2020/03/31 13:01:05 [error] 920#920: *91 FastCGI sent in stderr: "PHP message: PHP Fatal error:  Uncaught Twig\Error\SyntaxError: Unexpected character ";". in /home/ajayd/web/ajayd.twigtraining.36.aum/templates/calendar.html.twig:37
Stack trace:
#0 /home/ajayd/web/ajayd.twigtraining.36.aum/vendor/twig/twig/src/Lexer.php(279): Twig\Lexer->lexExpression()
#1 /home/ajayd/web/ajayd.twigtraining.36.aum/vendor/twig/twig/src/Lexer.php(180): Twig\Lexer->lexBlock()
#2 /home/ajayd/web/ajayd.twigtraining.36.aum/vendor/twig/twig/src/Environment.php(460): Twig\Lexer->tokenize(Object(Twig\Source))
#3 /home/ajayd/web/ajayd.twigtraining.36.aum/vendor/twig/twig/src/Environment.php(507): Twig\Environment->tokenize(Object(Twig\Source))
#4 /home/ajayd/web/ajayd.twigtraining.36.aum/vendor/twig/twig/src/Environment.php(348): Twig\Environment->compileSource(Object(Twig\Source))
#5 /home/ajayd/web/ajayd.twigtraining.36.aum/vendor/twig/twig/src/Environment.php(309): Twig\Environment->loadTemplate('__TwigTemplate_...', 'calendar.html.t...')
#6 /home/ajayd/web/ajayd.twigtraining.36.aum/vendor/twi" while reading response header from upstream, client: 127.0.0.1, server: ajayd.twigtraining.36.aum, request: "GET /calendar.php HTTP/1.1", upstream: "fastcgi://unix:/var/run/php/php7.2-fpm.sock:", host: "ajayd.twigtraining.36.aum"
2020/03/31 13:01:05 [error] 920#920: *91 FastCGI sent in stderr: "PHP message: PHP Fatal error:  Uncaught Twig\Error\SyntaxError: Unexpected character ";". in /home/ajayd/web/ajayd.twigtraining.36.aum/templates/calendar.html.twig:37
Stack trace:
#0 /home/ajayd/web/ajayd.twigtraining.36.aum/vendor/twig/twig/src/Lexer.php(279): Twig\Lexer->lexExpression()
#1 /home/ajayd/web/ajayd.twigtraining.36.aum/vendor/twig/twig/src/Lexer.php(180): Twig\Lexer->lexBlock()
#2 /home/ajayd/web/ajayd.twigtraining.36.aum/vendor/twig/twig/src/Environment.php(460): Twig\Lexer->tokenize(Object(Twig\Source))
#3 /home/ajayd/web/ajayd.twigtraining.36.aum/vendor/twig/twig/src/Environment.php(507): Twig\Environment->tokenize(Object(Twig\Source))
#4 /home/ajayd/web/ajayd.twigtraining.36.aum/vendor/twig/twig/src/Environment.php(348): Twig\Environment->compileSource(Object(Twig\Source))
#5 /home/ajayd/web/ajayd.twigtraining.36.aum/vendor/twig/twig/src/Environment.php(309): Twig\Environment->loadTemplate('__TwigTemplate_...', 'calendar.html.t...')
#6 /home/ajayd/web/ajayd.twigtraining.36.aum/vendor/twi" while reading response header from upstream, client: 127.0.0.1, server: ajayd.twigtraining.36.aum, request: "GET /calendar.php HTTP/1.1", upstream: "fastcgi://unix:/var/run/php/php7.2-fpm.sock:", host: "ajayd.twigtraining.36.aum"
2020/03/31 13:01:05 [error] 920#920: *91 FastCGI sent in stderr: "PHP message: PHP Fatal error:  Uncaught Twig\Error\SyntaxError: Unexpected character ";". in /home/ajayd/web/ajayd.twigtraining.36.aum/templates/calendar.html.twig:37
Stack trace:
#0 /home/ajayd/web/ajayd.twigtraining.36.aum/vendor/twig/twig/src/Lexer.php(279): Twig\Lexer->lexExpression()
#1 /home/ajayd/web/ajayd.twigtraining.36.aum/vendor/twig/twig/src/Lexer.php(180): Twig\Lexer->lexBlock()
#2 /home/ajayd/web/ajayd.twigtraining.36.aum/vendor/twig/twig/src/Environment.php(460): Twig\Lexer->tokenize(Object(Twig\Source))
#3 /home/ajayd/web/ajayd.twigtraining.36.aum/vendor/twig/twig/src/Environment.php(507): Twig\Environment->tokenize(Object(Twig\Source))
#4 /home/ajayd/web/ajayd.twigtraining.36.aum/vendor/twig/twig/src/Environment.php(348): Twig\Environment->compileSource(Object(Twig\Source))
#5 /home/ajayd/web/ajayd.twigtraining.36.aum/vendor/twig/twig/src/Environment.php(309): Twig\Environment->loadTemplate('__TwigTemplate_...', 'calendar.html.t...')
#6 /home/ajayd/web/ajayd.twigtraining.36.aum/vendor/twi" while reading response header from upstream, client: 127.0.0.1, server: ajayd.twigtraining.36.aum, request: "GET /calendar.php HTTP/1.1", upstream: "fastcgi://unix:/var/run/php/php7.2-fpm.sock:", host: "ajayd.twigtraining.36.aum"
2020/03/31 13:01:21 [error] 920#920: *91 FastCGI sent in stderr: "PHP message: PHP Fatal error:  Uncaught Twig\Error\SyntaxError: Unexpected character ";". in /home/ajayd/web/ajayd.twigtraining.36.aum/templates/calendar.html.twig:37
Stack trace:
#0 /home/ajayd/web/ajayd.twigtraining.36.aum/vendor/twig/twig/src/Lexer.php(279): Twig\Lexer->lexExpression()
#1 /home/ajayd/web/ajayd.twigtraining.36.aum/vendor/twig/twig/src/Lexer.php(180): Twig\Lexer->lexBlock()
#2 /home/ajayd/web/ajayd.twigtraining.36.aum/vendor/twig/twig/src/Environment.php(460): Twig\Lexer->tokenize(Object(Twig\Source))
#3 /home/ajayd/web/ajayd.twigtraining.36.aum/vendor/twig/twig/src/Environment.php(507): Twig\Environment->tokenize(Object(Twig\Source))
#4 /home/ajayd/web/ajayd.twigtraining.36.aum/vendor/twig/twig/src/Environment.php(348): Twig\Environment->compileSource(Object(Twig\Source))
#5 /home/ajayd/web/ajayd.twigtraining.36.aum/vendor/twig/twig/src/Environment.php(309): Twig\Environment->loadTemplate('__TwigTemplate_...', 'calendar.html.t...')
#6 /home/ajayd/web/ajayd.twigtraining.36.aum/vendor/twi" while reading response header from upstream, client: 127.0.0.1, server: ajayd.twigtraining.36.aum, request: "GET /calendar.php HTTP/1.1", upstream: "fastcgi://unix:/var/run/php/php7.2-fpm.sock:", host: "ajayd.twigtraining.36.aum"
2020/03/31 14:07:13 [error] 920#920: *260 FastCGI sent in stderr: "PHP message: PHP Fatal error:  Uncaught Exception: DateTime::__construct(): Failed to parse time string (d.m.Y) at position 4 (Y): Double timezone specification in /home/ajayd/web/ajayd.twigtraining.36.aum/vendor/twig/twig/src/Extension/CoreExtension.php:490
Stack trace:
#0 /home/ajayd/web/ajayd.twigtraining.36.aum/vendor/twig/twig/src/Extension/CoreExtension.php(490): DateTime->__construct('d.m.Y', Object(DateTimeZone))
#1 /home/ajayd/web/ajayd.twigtraining.36.aum/vendor/twig/twig/src/Environment.php(358) : eval()'d code(94): twig_date_converter(Object(Twig\Environment), 'd.m.Y')
#2 /home/ajayd/web/ajayd.twigtraining.36.aum/vendor/twig/twig/src/Template.php(173): __TwigTemplate_84bc5e268fbfce4696910743228cba2baad3155f77e108a98f8d6752c1a29e9a->block_content(Array, Array)
#3 /home/ajayd/web/ajayd.twigtraining.36.aum/vendor/twig/twig/src/Environment.php(358) : eval()'d code(58): Twig\Template->displayBlock('content', Array, Array)
#4 /home/ajayd/web/ajayd.twigtraining.36.aum/vendor/twig/twig/src/Template.ph" while reading response header from upstream, client: 127.0.0.1, server: ajayd.twigtraining.36.aum, request: "GET /calendar.php HTTP/1.1", upstream: "fastcgi://unix:/var/run/php/php7.2-fpm.sock:", host: "ajayd.twigtraining.36.aum"
2020/03/31 14:07:14 [error] 920#920: *260 FastCGI sent in stderr: "PHP message: PHP Fatal error:  Uncaught Exception: DateTime::__construct(): Failed to parse time string (d.m.Y) at position 4 (Y): Double timezone specification in /home/ajayd/web/ajayd.twigtraining.36.aum/vendor/twig/twig/src/Extension/CoreExtension.php:490
Stack trace:
#0 /home/ajayd/web/ajayd.twigtraining.36.aum/vendor/twig/twig/src/Extension/CoreExtension.php(490): DateTime->__construct('d.m.Y', Object(DateTimeZone))
#1 /home/ajayd/web/ajayd.twigtraining.36.aum/vendor/twig/twig/src/Environment.php(358) : eval()'d code(94): twig_date_converter(Object(Twig\Environment), 'd.m.Y')
#2 /home/ajayd/web/ajayd.twigtraining.36.aum/vendor/twig/twig/src/Template.php(173): __TwigTemplate_84bc5e268fbfce4696910743228cba2baad3155f77e108a98f8d6752c1a29e9a->block_content(Array, Array)
#3 /home/ajayd/web/ajayd.twigtraining.36.aum/vendor/twig/twig/src/Environment.php(358) : eval()'d code(58): Twig\Template->displayBlock('content', Array, Array)
#4 /home/ajayd/web/ajayd.twigtraining.36.aum/vendor/twig/twig/src/Template.ph" while reading response header from upstream, client: 127.0.0.1, server: ajayd.twigtraining.36.aum, request: "GET /calendar.php HTTP/1.1", upstream: "fastcgi://unix:/var/run/php/php7.2-fpm.sock:", host: "ajayd.twigtraining.36.aum"
2020/03/31 14:07:14 [error] 920#920: *260 FastCGI sent in stderr: "PHP message: PHP Fatal error:  Uncaught Exception: DateTime::__construct(): Failed to parse time string (d.m.Y) at position 4 (Y): Double timezone specification in /home/ajayd/web/ajayd.twigtraining.36.aum/vendor/twig/twig/src/Extension/CoreExtension.php:490
Stack trace:
#0 /home/ajayd/web/ajayd.twigtraining.36.aum/vendor/twig/twig/src/Extension/CoreExtension.php(490): DateTime->__construct('d.m.Y', Object(DateTimeZone))
#1 /home/ajayd/web/ajayd.twigtraining.36.aum/vendor/twig/twig/src/Environment.php(358) : eval()'d code(94): twig_date_converter(Object(Twig\Environment), 'd.m.Y')
#2 /home/ajayd/web/ajayd.twigtraining.36.aum/vendor/twig/twig/src/Template.php(173): __TwigTemplate_84bc5e268fbfce4696910743228cba2baad3155f77e108a98f8d6752c1a29e9a->block_content(Array, Array)
#3 /home/ajayd/web/ajayd.twigtraining.36.aum/vendor/twig/twig/src/Environment.php(358) : eval()'d code(58): Twig\Template->displayBlock('content', Array, Array)
#4 /home/ajayd/web/ajayd.twigtraining.36.aum/vendor/twig/twig/src/Template.ph" while reading response header from upstream, client: 127.0.0.1, server: ajayd.twigtraining.36.aum, request: "GET /calendar.php HTTP/1.1", upstream: "fastcgi://unix:/var/run/php/php7.2-fpm.sock:", host: "ajayd.twigtraining.36.aum"
2020/03/31 14:08:32 [error] 920#920: *260 FastCGI sent in stderr: "PHP message: PHP Fatal error:  Uncaught Twig\Error\SyntaxError: Unexpected character ";". in /home/ajayd/web/ajayd.twigtraining.36.aum/templates/calendar.html.twig:30
Stack trace:
#0 /home/ajayd/web/ajayd.twigtraining.36.aum/vendor/twig/twig/src/Lexer.php(290): Twig\Lexer->lexExpression()
#1 /home/ajayd/web/ajayd.twigtraining.36.aum/vendor/twig/twig/src/Lexer.php(184): Twig\Lexer->lexVar()
#2 /home/ajayd/web/ajayd.twigtraining.36.aum/vendor/twig/twig/src/Environment.php(460): Twig\Lexer->tokenize(Object(Twig\Source))
#3 /home/ajayd/web/ajayd.twigtraining.36.aum/vendor/twig/twig/src/Environment.php(507): Twig\Environment->tokenize(Object(Twig\Source))
#4 /home/ajayd/web/ajayd.twigtraining.36.aum/vendor/twig/twig/src/Environment.php(348): Twig\Environment->compileSource(Object(Twig\Source))
#5 /home/ajayd/web/ajayd.twigtraining.36.aum/vendor/twig/twig/src/Environment.php(309): Twig\Environment->loadTemplate('__TwigTemplate_...', 'calendar.html.t...')
#6 /home/ajayd/web/ajayd.twigtraining.36.aum/vendor/twig/" while reading response header from upstream, client: 127.0.0.1, server: ajayd.twigtraining.36.aum, request: "GET /calendar.php HTTP/1.1", upstream: "fastcgi://unix:/var/run/php/php7.2-fpm.sock:", host: "ajayd.twigtraining.36.aum"
2020/03/31 14:08:38 [error] 920#920: *260 FastCGI sent in stderr: "PHP message: PHP Fatal error:  Uncaught Twig\Error\SyntaxError: Unexpected character ";". in /home/ajayd/web/ajayd.twigtraining.36.aum/templates/calendar.html.twig:30
Stack trace:
#0 /home/ajayd/web/ajayd.twigtraining.36.aum/vendor/twig/twig/src/Lexer.php(290): Twig\Lexer->lexExpression()
#1 /home/ajayd/web/ajayd.twigtraining.36.aum/vendor/twig/twig/src/Lexer.php(184): Twig\Lexer->lexVar()
#2 /home/ajayd/web/ajayd.twigtraining.36.aum/vendor/twig/twig/src/Environment.php(460): Twig\Lexer->tokenize(Object(Twig\Source))
#3 /home/ajayd/web/ajayd.twigtraining.36.aum/vendor/twig/twig/src/Environment.php(507): Twig\Environment->tokenize(Object(Twig\Source))
#4 /home/ajayd/web/ajayd.twigtraining.36.aum/vendor/twig/twig/src/Environment.php(348): Twig\Environment->compileSource(Object(Twig\Source))
#5 /home/ajayd/web/ajayd.twigtraining.36.aum/vendor/twig/twig/src/Environment.php(309): Twig\Environment->loadTemplate('__TwigTemplate_...', 'calendar.html.t...')
#6 /home/ajayd/web/ajayd.twigtraining.36.aum/vendor/twig/" while reading response header from upstream, client: 127.0.0.1, server: ajayd.twigtraining.36.aum, request: "GET /calendar.php HTTP/1.1", upstream: "fastcgi://unix:/var/run/php/php7.2-fpm.sock:", host: "ajayd.twigtraining.36.aum"
2020/03/31 14:21:42 [error] 920#920: *432 FastCGI sent in stderr: "PHP message: PHP Fatal error:  Uncaught Twig\Error\SyntaxError: Unknown "now" function. in /home/ajayd/web/ajayd.twigtraining.36.aum/templates/calendar.html.twig:30
Stack trace:
#0 /home/ajayd/web/ajayd.twigtraining.36.aum/vendor/twig/twig/src/ExpressionParser.php(446): Twig\ExpressionParser->getFunctionNodeClass('now', 30)
#1 /home/ajayd/web/ajayd.twigtraining.36.aum/vendor/twig/twig/src/ExpressionParser.php(235): Twig\ExpressionParser->getFunctionNode('now', 30)
#2 /home/ajayd/web/ajayd.twigtraining.36.aum/vendor/twig/twig/src/ExpressionParser.php(175): Twig\ExpressionParser->parsePrimaryExpression()
#3 /home/ajayd/web/ajayd.twigtraining.36.aum/vendor/twig/twig/src/ExpressionParser.php(70): Twig\ExpressionParser->getPrimary()
#4 /home/ajayd/web/ajayd.twigtraining.36.aum/vendor/twig/twig/src/Parser.php(139): Twig\ExpressionParser->parseExpression()
#5 /home/ajayd/web/ajayd.twigtraining.36.aum/vendor/twig/twig/src/TokenParser/BlockTokenParser.php(45): Twig\Parser->subparse(Array, true)
#6 /home/ajayd/web/" while reading response header from upstream, client: 127.0.0.1, server: ajayd.twigtraining.36.aum, request: "GET /calendar.php HTTP/1.1", upstream: "fastcgi://unix:/var/run/php/php7.2-fpm.sock:", host: "ajayd.twigtraining.36.aum"
2020/03/31 14:21:42 [error] 920#920: *432 FastCGI sent in stderr: "PHP message: PHP Fatal error:  Uncaught Twig\Error\SyntaxError: Unknown "now" function. in /home/ajayd/web/ajayd.twigtraining.36.aum/templates/calendar.html.twig:30
Stack trace:
#0 /home/ajayd/web/ajayd.twigtraining.36.aum/vendor/twig/twig/src/ExpressionParser.php(446): Twig\ExpressionParser->getFunctionNodeClass('now', 30)
#1 /home/ajayd/web/ajayd.twigtraining.36.aum/vendor/twig/twig/src/ExpressionParser.php(235): Twig\ExpressionParser->getFunctionNode('now', 30)
#2 /home/ajayd/web/ajayd.twigtraining.36.aum/vendor/twig/twig/src/ExpressionParser.php(175): Twig\ExpressionParser->parsePrimaryExpression()
#3 /home/ajayd/web/ajayd.twigtraining.36.aum/vendor/twig/twig/src/ExpressionParser.php(70): Twig\ExpressionParser->getPrimary()
#4 /home/ajayd/web/ajayd.twigtraining.36.aum/vendor/twig/twig/src/Parser.php(139): Twig\ExpressionParser->parseExpression()
#5 /home/ajayd/web/ajayd.twigtraining.36.aum/vendor/twig/twig/src/TokenParser/BlockTokenParser.php(45): Twig\Parser->subparse(Array, true)
#6 /home/ajayd/web/" while reading response header from upstream, client: 127.0.0.1, server: ajayd.twigtraining.36.aum, request: "GET /calendar.php HTTP/1.1", upstream: "fastcgi://unix:/var/run/php/php7.2-fpm.sock:", host: "ajayd.twigtraining.36.aum"
2020/03/31 15:50:30 [error] 920#920: *855 FastCGI sent in stderr: "PHP message: PHP Fatal error:  Uncaught Twig\Error\SyntaxError: Unknown "endblock" tag. in /home/ajayd/web/ajayd.twigtraining.36.aum/templates/test_cal.html.twig:13
Stack trace:
#0 /home/ajayd/web/ajayd.twigtraining.36.aum/vendor/twig/twig/src/Parser.php(95): Twig\Parser->subparse(NULL, false)
#1 /home/ajayd/web/ajayd.twigtraining.36.aum/vendor/twig/twig/src/Environment.php(479): Twig\Parser->parse(Object(Twig\TokenStream))
#2 /home/ajayd/web/ajayd.twigtraining.36.aum/vendor/twig/twig/src/Environment.php(507): Twig\Environment->parse(Object(Twig\TokenStream))
#3 /home/ajayd/web/ajayd.twigtraining.36.aum/vendor/twig/twig/src/Environment.php(348): Twig\Environment->compileSource(Object(Twig\Source))
#4 /home/ajayd/web/ajayd.twigtraining.36.aum/vendor/twig/twig/src/Environment.php(309): Twig\Environment->loadTemplate('__TwigTemplate_...', 'test_cal.html.t...')
#5 /home/ajayd/web/ajayd.twigtraining.36.aum/vendor/twig/twig/src/Environment.php(277): Twig\Environment->load('test_cal.html.t...')
#6 /home/ajayd/we" while reading response header from upstream, client: 127.0.0.1, server: ajayd.twigtraining.36.aum, request: "GET /calendar.php HTTP/1.1", upstream: "fastcgi://unix:/var/run/php/php7.2-fpm.sock:", host: "ajayd.twigtraining.36.aum"
2020/03/31 15:51:44 [error] 920#920: *857 FastCGI sent in stderr: "PHP message: PHP Fatal error:  Uncaught Twig\Error\SyntaxError: Unknown "endblock" tag. in /home/ajayd/web/ajayd.twigtraining.36.aum/templates/test_cal.html.twig:13
Stack trace:
#0 /home/ajayd/web/ajayd.twigtraining.36.aum/vendor/twig/twig/src/Parser.php(95): Twig\Parser->subparse(NULL, false)
#1 /home/ajayd/web/ajayd.twigtraining.36.aum/vendor/twig/twig/src/Environment.php(479): Twig\Parser->parse(Object(Twig\TokenStream))
#2 /home/ajayd/web/ajayd.twigtraining.36.aum/vendor/twig/twig/src/Environment.php(507): Twig\Environment->parse(Object(Twig\TokenStream))
#3 /home/ajayd/web/ajayd.twigtraining.36.aum/vendor/twig/twig/src/Environment.php(348): Twig\Environment->compileSource(Object(Twig\Source))
#4 /home/ajayd/web/ajayd.twigtraining.36.aum/vendor/twig/twig/src/Environment.php(309): Twig\Environment->loadTemplate('__TwigTemplate_...', 'test_cal.html.t...')
#5 /home/ajayd/web/ajayd.twigtraining.36.aum/vendor/twig/twig/src/Environment.php(277): Twig\Environment->load('test_cal.html.t...')
#6 /home/ajayd/we" while reading response header from upstream, client: 127.0.0.1, server: ajayd.twigtraining.36.aum, request: "GET /calendar.php HTTP/1.1", upstream: "fastcgi://unix:/var/run/php/php7.2-fpm.sock:", host: "ajayd.twigtraining.36.aum"
2020/03/31 15:52:06 [error] 920#920: *857 FastCGI sent in stderr: "PHP message: PHP Fatal error:  Uncaught Twig\Error\SyntaxError: Unknown "endblock" tag. in /home/ajayd/web/ajayd.twigtraining.36.aum/templates/test_cal.html.twig:14
Stack trace:
#0 /home/ajayd/web/ajayd.twigtraining.36.aum/vendor/twig/twig/src/Parser.php(95): Twig\Parser->subparse(NULL, false)
#1 /home/ajayd/web/ajayd.twigtraining.36.aum/vendor/twig/twig/src/Environment.php(479): Twig\Parser->parse(Object(Twig\TokenStream))
#2 /home/ajayd/web/ajayd.twigtraining.36.aum/vendor/twig/twig/src/Environment.php(507): Twig\Environment->parse(Object(Twig\TokenStream))
#3 /home/ajayd/web/ajayd.twigtraining.36.aum/vendor/twig/twig/src/Environment.php(348): Twig\Environment->compileSource(Object(Twig\Source))
#4 /home/ajayd/web/ajayd.twigtraining.36.aum/vendor/twig/twig/src/Environment.php(309): Twig\Environment->loadTemplate('__TwigTemplate_...', 'test_cal.html.t...')
#5 /home/ajayd/web/ajayd.twigtraining.36.aum/vendor/twig/twig/src/Environment.php(277): Twig\Environment->load('test_cal.html.t...')
#6 /home/ajayd/we" while reading response header from upstream, client: 127.0.0.1, server: ajayd.twigtraining.36.aum, request: "GET /calendar.php HTTP/1.1", upstream: "fastcgi://unix:/var/run/php/php7.2-fpm.sock:", host: "ajayd.twigtraining.36.aum"
2020/03/31 15:52:17 [error] 920#920: *857 FastCGI sent in stderr: "PHP message: PHP Fatal error:  Uncaught Twig\Error\SyntaxError: Unknown "endblock" tag. in /home/ajayd/web/ajayd.twigtraining.36.aum/templates/test_cal.html.twig:13
Stack trace:
#0 /home/ajayd/web/ajayd.twigtraining.36.aum/vendor/twig/twig/src/Parser.php(95): Twig\Parser->subparse(NULL, false)
#1 /home/ajayd/web/ajayd.twigtraining.36.aum/vendor/twig/twig/src/Environment.php(479): Twig\Parser->parse(Object(Twig\TokenStream))
#2 /home/ajayd/web/ajayd.twigtraining.36.aum/vendor/twig/twig/src/Environment.php(507): Twig\Environment->parse(Object(Twig\TokenStream))
#3 /home/ajayd/web/ajayd.twigtraining.36.aum/vendor/twig/twig/src/Environment.php(348): Twig\Environment->compileSource(Object(Twig\Source))
#4 /home/ajayd/web/ajayd.twigtraining.36.aum/vendor/twig/twig/src/Environment.php(309): Twig\Environment->loadTemplate('__TwigTemplate_...', 'test_cal.html.t...')
#5 /home/ajayd/web/ajayd.twigtraining.36.aum/vendor/twig/twig/src/Environment.php(277): Twig\Environment->load('test_cal.html.t...')
#6 /home/ajayd/we" while reading response header from upstream, client: 127.0.0.1, server: ajayd.twigtraining.36.aum, request: "GET /calendar.php HTTP/1.1", upstream: "fastcgi://unix:/var/run/php/php7.2-fpm.sock:", host: "ajayd.twigtraining.36.aum"
2020/03/31 15:52:33 [error] 920#920: *857 FastCGI sent in stderr: "PHP message: PHP Fatal error:  Uncaught Twig\Error\SyntaxError: Unknown "endblock" tag. in /home/ajayd/web/ajayd.twigtraining.36.aum/templates/test_cal.html.twig:12
Stack trace:
#0 /home/ajayd/web/ajayd.twigtraining.36.aum/vendor/twig/twig/src/Parser.php(95): Twig\Parser->subparse(NULL, false)
#1 /home/ajayd/web/ajayd.twigtraining.36.aum/vendor/twig/twig/src/Environment.php(479): Twig\Parser->parse(Object(Twig\TokenStream))
#2 /home/ajayd/web/ajayd.twigtraining.36.aum/vendor/twig/twig/src/Environment.php(507): Twig\Environment->parse(Object(Twig\TokenStream))
#3 /home/ajayd/web/ajayd.twigtraining.36.aum/vendor/twig/twig/src/Environment.php(348): Twig\Environment->compileSource(Object(Twig\Source))
#4 /home/ajayd/web/ajayd.twigtraining.36.aum/vendor/twig/twig/src/Environment.php(309): Twig\Environment->loadTemplate('__TwigTemplate_...', 'test_cal.html.t...')
#5 /home/ajayd/web/ajayd.twigtraining.36.aum/vendor/twig/twig/src/Environment.php(277): Twig\Environment->load('test_cal.html.t...')
#6 /home/ajayd/we" while reading response header from upstream, client: 127.0.0.1, server: ajayd.twigtraining.36.aum, request: "GET /calendar.php HTTP/1.1", upstream: "fastcgi://unix:/var/run/php/php7.2-fpm.sock:", host: "ajayd.twigtraining.36.aum"
2020/03/31 15:53:09 [error] 920#920: *857 FastCGI sent in stderr: "PHP message: PHP Fatal error:  Uncaught Twig\Error\SyntaxError: A template that extends another one cannot include content outside Twig blocks. Did you forget to put the content inside a {% block %} tag? in /home/ajayd/web/ajayd.twigtraining.36.aum/templates/test_cal.html.twig:7
Stack trace:
#0 /home/ajayd/web/ajayd.twigtraining.36.aum/vendor/twig/twig/src/Parser.php(353): Twig\Parser->filterBodyNodes(Object(Twig\Node\TextNode), false)
#1 /home/ajayd/web/ajayd.twigtraining.36.aum/vendor/twig/twig/src/Parser.php(97): Twig\Parser->filterBodyNodes(Object(Twig\Node\Node))
#2 /home/ajayd/web/ajayd.twigtraining.36.aum/vendor/twig/twig/src/Environment.php(479): Twig\Parser->parse(Object(Twig\TokenStream))
#3 /home/ajayd/web/ajayd.twigtraining.36.aum/vendor/twig/twig/src/Environment.php(507): Twig\Environment->parse(Object(Twig\TokenStream))
#4 /home/ajayd/web/ajayd.twigtraining.36.aum/vendor/twig/twig/src/Environment.php(348): Twig\Environment->compileSource(Object(Twig\Source))
#5 /home/ajayd/web/ajayd.twigtrai" while reading response header from upstream, client: 127.0.0.1, server: ajayd.twigtraining.36.aum, request: "GET /calendar.php HTTP/1.1", upstream: "fastcgi://unix:/var/run/php/php7.2-fpm.sock:", host: "ajayd.twigtraining.36.aum"
2020/03/31 15:53:22 [error] 920#920: *857 FastCGI sent in stderr: "PHP message: PHP Fatal error:  Uncaught Twig\Error\SyntaxError: A template that extends another one cannot include content outside Twig blocks. Did you forget to put the content inside a {% block %} tag? in /home/ajayd/web/ajayd.twigtraining.36.aum/templates/test_cal.html.twig:12
Stack trace:
#0 /home/ajayd/web/ajayd.twigtraining.36.aum/vendor/twig/twig/src/Parser.php(353): Twig\Parser->filterBodyNodes(Object(Twig\Node\TextNode), false)
#1 /home/ajayd/web/ajayd.twigtraining.36.aum/vendor/twig/twig/src/Parser.php(97): Twig\Parser->filterBodyNodes(Object(Twig\Node\Node))
#2 /home/ajayd/web/ajayd.twigtraining.36.aum/vendor/twig/twig/src/Environment.php(479): Twig\Parser->parse(Object(Twig\TokenStream))
#3 /home/ajayd/web/ajayd.twigtraining.36.aum/vendor/twig/twig/src/Environment.php(507): Twig\Environment->parse(Object(Twig\TokenStream))
#4 /home/ajayd/web/ajayd.twigtraining.36.aum/vendor/twig/twig/src/Environment.php(348): Twig\Environment->compileSource(Object(Twig\Source))
#5 /home/ajayd/web/ajayd.twigtra" while reading response header from upstream, client: 127.0.0.1, server: ajayd.twigtraining.36.aum, request: "GET /calendar.php HTTP/1.1", upstream: "fastcgi://unix:/var/run/php/php7.2-fpm.sock:", host: "ajayd.twigtraining.36.aum"
2020/03/31 15:53:30 [error] 920#920: *857 FastCGI sent in stderr: "PHP message: PHP Fatal error:  Uncaught Twig\Error\SyntaxError: A template that extends another one cannot include content outside Twig blocks. Did you forget to put the content inside a {% block %} tag? in /home/ajayd/web/ajayd.twigtraining.36.aum/templates/test_cal.html.twig:2
Stack trace:
#0 /home/ajayd/web/ajayd.twigtraining.36.aum/vendor/twig/twig/src/Parser.php(353): Twig\Parser->filterBodyNodes(Object(Twig\Node\TextNode), false)
#1 /home/ajayd/web/ajayd.twigtraining.36.aum/vendor/twig/twig/src/Parser.php(97): Twig\Parser->filterBodyNodes(Object(Twig\Node\Node))
#2 /home/ajayd/web/ajayd.twigtraining.36.aum/vendor/twig/twig/src/Environment.php(479): Twig\Parser->parse(Object(Twig\TokenStream))
#3 /home/ajayd/web/ajayd.twigtraining.36.aum/vendor/twig/twig/src/Environment.php(507): Twig\Environment->parse(Object(Twig\TokenStream))
#4 /home/ajayd/web/ajayd.twigtraining.36.aum/vendor/twig/twig/src/Environment.php(348): Twig\Environment->compileSource(Object(Twig\Source))
#5 /home/ajayd/web/ajayd.twigtrai" while reading response header from upstream, client: 127.0.0.1, server: ajayd.twigtraining.36.aum, request: "GET /calendar.php HTTP/1.1", upstream: "fastcgi://unix:/var/run/php/php7.2-fpm.sock:", host: "ajayd.twigtraining.36.aum"
2020/03/31 15:53:38 [error] 920#920: *857 FastCGI sent in stderr: "PHP message: PHP Fatal error:  Uncaught Twig\Error\SyntaxError: A template that extends another one cannot include content outside Twig blocks. Did you forget to put the content inside a {% block %} tag? in /home/ajayd/web/ajayd.twigtraining.36.aum/templates/test_cal.html.twig:2
Stack trace:
#0 /home/ajayd/web/ajayd.twigtraining.36.aum/vendor/twig/twig/src/Parser.php(353): Twig\Parser->filterBodyNodes(Object(Twig\Node\TextNode), false)
#1 /home/ajayd/web/ajayd.twigtraining.36.aum/vendor/twig/twig/src/Parser.php(97): Twig\Parser->filterBodyNodes(Object(Twig\Node\Node))
#2 /home/ajayd/web/ajayd.twigtraining.36.aum/vendor/twig/twig/src/Environment.php(479): Twig\Parser->parse(Object(Twig\TokenStream))
#3 /home/ajayd/web/ajayd.twigtraining.36.aum/vendor/twig/twig/src/Environment.php(507): Twig\Environment->parse(Object(Twig\TokenStream))
#4 /home/ajayd/web/ajayd.twigtraining.36.aum/vendor/twig/twig/src/Environment.php(348): Twig\Environment->compileSource(Object(Twig\Source))
#5 /home/ajayd/web/ajayd.twigtrai" while reading response header from upstream, client: 127.0.0.1, server: ajayd.twigtraining.36.aum, request: "GET /calendar.php HTTP/1.1", upstream: "fastcgi://unix:/var/run/php/php7.2-fpm.sock:", host: "ajayd.twigtraining.36.aum"
2020/03/31 15:54:03 [error] 920#920: *857 FastCGI sent in stderr: "PHP message: PHP Fatal error:  Uncaught Twig\Error\SyntaxError: A template that extends another one cannot include content outside Twig blocks. Did you forget to put the content inside a {% block %} tag? in /home/ajayd/web/ajayd.twigtraining.36.aum/templates/test_cal.html.twig:2
Stack trace:
#0 /home/ajayd/web/ajayd.twigtraining.36.aum/vendor/twig/twig/src/Parser.php(353): Twig\Parser->filterBodyNodes(Object(Twig\Node\TextNode), false)
#1 /home/ajayd/web/ajayd.twigtraining.36.aum/vendor/twig/twig/src/Parser.php(97): Twig\Parser->filterBodyNodes(Object(Twig\Node\Node))
#2 /home/ajayd/web/ajayd.twigtraining.36.aum/vendor/twig/twig/src/Environment.php(479): Twig\Parser->parse(Object(Twig\TokenStream))
#3 /home/ajayd/web/ajayd.twigtraining.36.aum/vendor/twig/twig/src/Environment.php(507): Twig\Environment->parse(Object(Twig\TokenStream))
#4 /home/ajayd/web/ajayd.twigtraining.36.aum/vendor/twig/twig/src/Environment.php(348): Twig\Environment->compileSource(Object(Twig\Source))
#5 /home/ajayd/web/ajayd.twigtrai" while reading response header from upstream, client: 127.0.0.1, server: ajayd.twigtraining.36.aum, request: "GET /calendar.php HTTP/1.1", upstream: "fastcgi://unix:/var/run/php/php7.2-fpm.sock:", host: "ajayd.twigtraining.36.aum"
2020/03/31 16:00:02 [error] 920#920: *890 FastCGI sent in stderr: "PHP message: PHP Fatal error:  Uncaught Twig\Error\SyntaxError: Unexpected character "&". in /home/ajayd/web/ajayd.twigtraining.36.aum/templates/test_cal.html.twig:22
Stack trace:
#0 /home/ajayd/web/ajayd.twigtraining.36.aum/vendor/twig/twig/src/Lexer.php(279): Twig\Lexer->lexExpression()
#1 /home/ajayd/web/ajayd.twigtraining.36.aum/vendor/twig/twig/src/Lexer.php(180): Twig\Lexer->lexBlock()
#2 /home/ajayd/web/ajayd.twigtraining.36.aum/vendor/twig/twig/src/Environment.php(460): Twig\Lexer->tokenize(Object(Twig\Source))
#3 /home/ajayd/web/ajayd.twigtraining.36.aum/vendor/twig/twig/src/Environment.php(507): Twig\Environment->tokenize(Object(Twig\Source))
#4 /home/ajayd/web/ajayd.twigtraining.36.aum/vendor/twig/twig/src/Environment.php(348): Twig\Environment->compileSource(Object(Twig\Source))
#5 /home/ajayd/web/ajayd.twigtraining.36.aum/vendor/twig/twig/src/Environment.php(309): Twig\Environment->loadTemplate('__TwigTemplate_...', 'test_cal.html.t...')
#6 /home/ajayd/web/ajayd.twigtraining.36.aum/vendor/twi" while reading response header from upstream, client: 127.0.0.1, server: ajayd.twigtraining.36.aum, request: "GET /calendar.php HTTP/1.1", upstream: "fastcgi://unix:/var/run/php/php7.2-fpm.sock:", host: "ajayd.twigtraining.36.aum"
2020/03/31 16:00:03 [error] 920#920: *890 FastCGI sent in stderr: "PHP message: PHP Fatal error:  Uncaught Twig\Error\SyntaxError: Unexpected character "&". in /home/ajayd/web/ajayd.twigtraining.36.aum/templates/test_cal.html.twig:22
Stack trace:
#0 /home/ajayd/web/ajayd.twigtraining.36.aum/vendor/twig/twig/src/Lexer.php(279): Twig\Lexer->lexExpression()
#1 /home/ajayd/web/ajayd.twigtraining.36.aum/vendor/twig/twig/src/Lexer.php(180): Twig\Lexer->lexBlock()
#2 /home/ajayd/web/ajayd.twigtraining.36.aum/vendor/twig/twig/src/Environment.php(460): Twig\Lexer->tokenize(Object(Twig\Source))
#3 /home/ajayd/web/ajayd.twigtraining.36.aum/vendor/twig/twig/src/Environment.php(507): Twig\Environment->tokenize(Object(Twig\Source))
#4 /home/ajayd/web/ajayd.twigtraining.36.aum/vendor/twig/twig/src/Environment.php(348): Twig\Environment->compileSource(Object(Twig\Source))
#5 /home/ajayd/web/ajayd.twigtraining.36.aum/vendor/twig/twig/src/Environment.php(309): Twig\Environment->loadTemplate('__TwigTemplate_...', 'test_cal.html.t...')
#6 /home/ajayd/web/ajayd.twigtraining.36.aum/vendor/twi" while reading response header from upstream, client: 127.0.0.1, server: ajayd.twigtraining.36.aum, request: "GET /calendar.php HTTP/1.1", upstream: "fastcgi://unix:/var/run/php/php7.2-fpm.sock:", host: "ajayd.twigtraining.36.aum"
2020/03/31 16:00:04 [error] 920#920: *890 FastCGI sent in stderr: "PHP message: PHP Fatal error:  Uncaught Twig\Error\SyntaxError: Unexpected character "&". in /home/ajayd/web/ajayd.twigtraining.36.aum/templates/test_cal.html.twig:22
Stack trace:
#0 /home/ajayd/web/ajayd.twigtraining.36.aum/vendor/twig/twig/src/Lexer.php(279): Twig\Lexer->lexExpression()
#1 /home/ajayd/web/ajayd.twigtraining.36.aum/vendor/twig/twig/src/Lexer.php(180): Twig\Lexer->lexBlock()
#2 /home/ajayd/web/ajayd.twigtraining.36.aum/vendor/twig/twig/src/Environment.php(460): Twig\Lexer->tokenize(Object(Twig\Source))
#3 /home/ajayd/web/ajayd.twigtraining.36.aum/vendor/twig/twig/src/Environment.php(507): Twig\Environment->tokenize(Object(Twig\Source))
#4 /home/ajayd/web/ajayd.twigtraining.36.aum/vendor/twig/twig/src/Environment.php(348): Twig\Environment->compileSource(Object(Twig\Source))
#5 /home/ajayd/web/ajayd.twigtraining.36.aum/vendor/twig/twig/src/Environment.php(309): Twig\Environment->loadTemplate('__TwigTemplate_...', 'test_cal.html.t...')
#6 /home/ajayd/web/ajayd.twigtraining.36.aum/vendor/twi" while reading response header from upstream, client: 127.0.0.1, server: ajayd.twigtraining.36.aum, request: "GET /calendar.php HTTP/1.1", upstream: "fastcgi://unix:/var/run/php/php7.2-fpm.sock:", host: "ajayd.twigtraining.36.aum"
2020/03/31 16:00:04 [error] 920#920: *890 FastCGI sent in stderr: "PHP message: PHP Fatal error:  Uncaught Twig\Error\SyntaxError: Unexpected character "&". in /home/ajayd/web/ajayd.twigtraining.36.aum/templates/test_cal.html.twig:22
Stack trace:
#0 /home/ajayd/web/ajayd.twigtraining.36.aum/vendor/twig/twig/src/Lexer.php(279): Twig\Lexer->lexExpression()
#1 /home/ajayd/web/ajayd.twigtraining.36.aum/vendor/twig/twig/src/Lexer.php(180): Twig\Lexer->lexBlock()
#2 /home/ajayd/web/ajayd.twigtraining.36.aum/vendor/twig/twig/src/Environment.php(460): Twig\Lexer->tokenize(Object(Twig\Source))
#3 /home/ajayd/web/ajayd.twigtraining.36.aum/vendor/twig/twig/src/Environment.php(507): Twig\Environment->tokenize(Object(Twig\Source))
#4 /home/ajayd/web/ajayd.twigtraining.36.aum/vendor/twig/twig/src/Environment.php(348): Twig\Environment->compileSource(Object(Twig\Source))
#5 /home/ajayd/web/ajayd.twigtraining.36.aum/vendor/twig/twig/src/Environment.php(309): Twig\Environment->loadTemplate('__TwigTemplate_...', 'test_cal.html.t...')
#6 /home/ajayd/web/ajayd.twigtraining.36.aum/vendor/twi" while reading response header from upstream, client: 127.0.0.1, server: ajayd.twigtraining.36.aum, request: "GET /calendar.php HTTP/1.1", upstream: "fastcgi://unix:/var/run/php/php7.2-fpm.sock:", host: "ajayd.twigtraining.36.aum"
2020/03/31 16:00:59 [error] 920#920: *890 FastCGI sent in stderr: "PHP message: PHP Fatal error:  Uncaught Twig\Error\SyntaxError: Unexpected character "&". in /home/ajayd/web/ajayd.twigtraining.36.aum/templates/testcal.html.twig:22
Stack trace:
#0 /home/ajayd/web/ajayd.twigtraining.36.aum/vendor/twig/twig/src/Lexer.php(279): Twig\Lexer->lexExpression()
#1 /home/ajayd/web/ajayd.twigtraining.36.aum/vendor/twig/twig/src/Lexer.php(180): Twig\Lexer->lexBlock()
#2 /home/ajayd/web/ajayd.twigtraining.36.aum/vendor/twig/twig/src/Environment.php(460): Twig\Lexer->tokenize(Object(Twig\Source))
#3 /home/ajayd/web/ajayd.twigtraining.36.aum/vendor/twig/twig/src/Environment.php(507): Twig\Environment->tokenize(Object(Twig\Source))
#4 /home/ajayd/web/ajayd.twigtraining.36.aum/vendor/twig/twig/src/Environment.php(348): Twig\Environment->compileSource(Object(Twig\Source))
#5 /home/ajayd/web/ajayd.twigtraining.36.aum/vendor/twig/twig/src/Environment.php(309): Twig\Environment->loadTemplate('__TwigTemplate_...', 'testcal.html.tw...')
#6 /home/ajayd/web/ajayd.twigtraining.36.aum/vendor/twig" while reading response header from upstream, client: 127.0.0.1, server: ajayd.twigtraining.36.aum, request: "GET /calendar.php HTTP/1.1", upstream: "fastcgi://unix:/var/run/php/php7.2-fpm.sock:", host: "ajayd.twigtraining.36.aum"
2020/03/31 16:00:59 [error] 920#920: *890 FastCGI sent in stderr: "PHP message: PHP Fatal error:  Uncaught Twig\Error\SyntaxError: Unexpected character "&". in /home/ajayd/web/ajayd.twigtraining.36.aum/templates/testcal.html.twig:22
Stack trace:
#0 /home/ajayd/web/ajayd.twigtraining.36.aum/vendor/twig/twig/src/Lexer.php(279): Twig\Lexer->lexExpression()
#1 /home/ajayd/web/ajayd.twigtraining.36.aum/vendor/twig/twig/src/Lexer.php(180): Twig\Lexer->lexBlock()
#2 /home/ajayd/web/ajayd.twigtraining.36.aum/vendor/twig/twig/src/Environment.php(460): Twig\Lexer->tokenize(Object(Twig\Source))
#3 /home/ajayd/web/ajayd.twigtraining.36.aum/vendor/twig/twig/src/Environment.php(507): Twig\Environment->tokenize(Object(Twig\Source))
#4 /home/ajayd/web/ajayd.twigtraining.36.aum/vendor/twig/twig/src/Environment.php(348): Twig\Environment->compileSource(Object(Twig\Source))
#5 /home/ajayd/web/ajayd.twigtraining.36.aum/vendor/twig/twig/src/Environment.php(309): Twig\Environment->loadTemplate('__TwigTemplate_...', 'testcal.html.tw...')
#6 /home/ajayd/web/ajayd.twigtraining.36.aum/vendor/twig" while reading response header from upstream, client: 127.0.0.1, server: ajayd.twigtraining.36.aum, request: "GET /calendar.php HTTP/1.1", upstream: "fastcgi://unix:/var/run/php/php7.2-fpm.sock:", host: "ajayd.twigtraining.36.aum"
2020/03/31 16:00:59 [error] 920#920: *890 FastCGI sent in stderr: "PHP message: PHP Fatal error:  Uncaught Twig\Error\SyntaxError: Unexpected character "&". in /home/ajayd/web/ajayd.twigtraining.36.aum/templates/testcal.html.twig:22
Stack trace:
#0 /home/ajayd/web/ajayd.twigtraining.36.aum/vendor/twig/twig/src/Lexer.php(279): Twig\Lexer->lexExpression()
#1 /home/ajayd/web/ajayd.twigtraining.36.aum/vendor/twig/twig/src/Lexer.php(180): Twig\Lexer->lexBlock()
#2 /home/ajayd/web/ajayd.twigtraining.36.aum/vendor/twig/twig/src/Environment.php(460): Twig\Lexer->tokenize(Object(Twig\Source))
#3 /home/ajayd/web/ajayd.twigtraining.36.aum/vendor/twig/twig/src/Environment.php(507): Twig\Environment->tokenize(Object(Twig\Source))
#4 /home/ajayd/web/ajayd.twigtraining.36.aum/vendor/twig/twig/src/Environment.php(348): Twig\Environment->compileSource(Object(Twig\Source))
#5 /home/ajayd/web/ajayd.twigtraining.36.aum/vendor/twig/twig/src/Environment.php(309): Twig\Environment->loadTemplate('__TwigTemplate_...', 'testcal.html.tw...')
#6 /home/ajayd/web/ajayd.twigtraining.36.aum/vendor/twig" while reading response header from upstream, client: 127.0.0.1, server: ajayd.twigtraining.36.aum, request: "GET /calendar.php HTTP/1.1", upstream: "fastcgi://unix:/var/run/php/php7.2-fpm.sock:", host: "ajayd.twigtraining.36.aum"
2020/03/31 16:01:01 [error] 920#920: *890 FastCGI sent in stderr: "PHP message: PHP Fatal error:  Uncaught Twig\Error\SyntaxError: Unexpected character "&". in /home/ajayd/web/ajayd.twigtraining.36.aum/templates/testcal.html.twig:22
Stack trace:
#0 /home/ajayd/web/ajayd.twigtraining.36.aum/vendor/twig/twig/src/Lexer.php(279): Twig\Lexer->lexExpression()
#1 /home/ajayd/web/ajayd.twigtraining.36.aum/vendor/twig/twig/src/Lexer.php(180): Twig\Lexer->lexBlock()
#2 /home/ajayd/web/ajayd.twigtraining.36.aum/vendor/twig/twig/src/Environment.php(460): Twig\Lexer->tokenize(Object(Twig\Source))
#3 /home/ajayd/web/ajayd.twigtraining.36.aum/vendor/twig/twig/src/Environment.php(507): Twig\Environment->tokenize(Object(Twig\Source))
#4 /home/ajayd/web/ajayd.twigtraining.36.aum/vendor/twig/twig/src/Environment.php(348): Twig\Environment->compileSource(Object(Twig\Source))
#5 /home/ajayd/web/ajayd.twigtraining.36.aum/vendor/twig/twig/src/Environment.php(309): Twig\Environment->loadTemplate('__TwigTemplate_...', 'testcal.html.tw...')
#6 /home/ajayd/web/ajayd.twigtraining.36.aum/vendor/twig" while reading response header from upstream, client: 127.0.0.1, server: ajayd.twigtraining.36.aum, request: "GET /calendar.php HTTP/1.1", upstream: "fastcgi://unix:/var/run/php/php7.2-fpm.sock:", host: "ajayd.twigtraining.36.aum"
2020/03/31 16:01:47 [error] 920#920: *890 FastCGI sent in stderr: "PHP message: PHP Fatal error:  Uncaught Twig\Error\SyntaxError: Unexpected character "&". in /home/ajayd/web/ajayd.twigtraining.36.aum/templates/testcal.html.twig:5
Stack trace:
#0 /home/ajayd/web/ajayd.twigtraining.36.aum/vendor/twig/twig/src/Lexer.php(279): Twig\Lexer->lexExpression()
#1 /home/ajayd/web/ajayd.twigtraining.36.aum/vendor/twig/twig/src/Lexer.php(180): Twig\Lexer->lexBlock()
#2 /home/ajayd/web/ajayd.twigtraining.36.aum/vendor/twig/twig/src/Environment.php(460): Twig\Lexer->tokenize(Object(Twig\Source))
#3 /home/ajayd/web/ajayd.twigtraining.36.aum/vendor/twig/twig/src/Environment.php(507): Twig\Environment->tokenize(Object(Twig\Source))
#4 /home/ajayd/web/ajayd.twigtraining.36.aum/vendor/twig/twig/src/Environment.php(348): Twig\Environment->compileSource(Object(Twig\Source))
#5 /home/ajayd/web/ajayd.twigtraining.36.aum/vendor/twig/twig/src/Environment.php(309): Twig\Environment->loadTemplate('__TwigTemplate_...', 'testcal.html.tw...')
#6 /home/ajayd/web/ajayd.twigtraining.36.aum/vendor/twig/" while reading response header from upstream, client: 127.0.0.1, server: ajayd.twigtraining.36.aum, request: "GET /calendar.php HTTP/1.1", upstream: "fastcgi://unix:/var/run/php/php7.2-fpm.sock:", host: "ajayd.twigtraining.36.aum"
2020/03/31 16:01:47 [error] 920#920: *890 FastCGI sent in stderr: "PHP message: PHP Fatal error:  Uncaught Twig\Error\SyntaxError: Unexpected character "&". in /home/ajayd/web/ajayd.twigtraining.36.aum/templates/testcal.html.twig:5
Stack trace:
#0 /home/ajayd/web/ajayd.twigtraining.36.aum/vendor/twig/twig/src/Lexer.php(279): Twig\Lexer->lexExpression()
#1 /home/ajayd/web/ajayd.twigtraining.36.aum/vendor/twig/twig/src/Lexer.php(180): Twig\Lexer->lexBlock()
#2 /home/ajayd/web/ajayd.twigtraining.36.aum/vendor/twig/twig/src/Environment.php(460): Twig\Lexer->tokenize(Object(Twig\Source))
#3 /home/ajayd/web/ajayd.twigtraining.36.aum/vendor/twig/twig/src/Environment.php(507): Twig\Environment->tokenize(Object(Twig\Source))
#4 /home/ajayd/web/ajayd.twigtraining.36.aum/vendor/twig/twig/src/Environment.php(348): Twig\Environment->compileSource(Object(Twig\Source))
#5 /home/ajayd/web/ajayd.twigtraining.36.aum/vendor/twig/twig/src/Environment.php(309): Twig\Environment->loadTemplate('__TwigTemplate_...', 'testcal.html.tw...')
#6 /home/ajayd/web/ajayd.twigtraining.36.aum/vendor/twig/" while reading response header from upstream, client: 127.0.0.1, server: ajayd.twigtraining.36.aum, request: "GET /calendar.php HTTP/1.1", upstream: "fastcgi://unix:/var/run/php/php7.2-fpm.sock:", host: "ajayd.twigtraining.36.aum"
2020/03/31 16:01:47 [error] 920#920: *890 FastCGI sent in stderr: "PHP message: PHP Fatal error:  Uncaught Twig\Error\SyntaxError: Unexpected character "&". in /home/ajayd/web/ajayd.twigtraining.36.aum/templates/testcal.html.twig:5
Stack trace:
#0 /home/ajayd/web/ajayd.twigtraining.36.aum/vendor/twig/twig/src/Lexer.php(279): Twig\Lexer->lexExpression()
#1 /home/ajayd/web/ajayd.twigtraining.36.aum/vendor/twig/twig/src/Lexer.php(180): Twig\Lexer->lexBlock()
#2 /home/ajayd/web/ajayd.twigtraining.36.aum/vendor/twig/twig/src/Environment.php(460): Twig\Lexer->tokenize(Object(Twig\Source))
#3 /home/ajayd/web/ajayd.twigtraining.36.aum/vendor/twig/twig/src/Environment.php(507): Twig\Environment->tokenize(Object(Twig\Source))
#4 /home/ajayd/web/ajayd.twigtraining.36.aum/vendor/twig/twig/src/Environment.php(348): Twig\Environment->compileSource(Object(Twig\Source))
#5 /home/ajayd/web/ajayd.twigtraining.36.aum/vendor/twig/twig/src/Environment.php(309): Twig\Environment->loadTemplate('__TwigTemplate_...', 'testcal.html.tw...')
#6 /home/ajayd/web/ajayd.twigtraining.36.aum/vendor/twig/" while reading response header from upstream, client: 127.0.0.1, server: ajayd.twigtraining.36.aum, request: "GET /calendar.php HTTP/1.1", upstream: "fastcgi://unix:/var/run/php/php7.2-fpm.sock:", host: "ajayd.twigtraining.36.aum"
2020/03/31 16:01:48 [error] 920#920: *890 FastCGI sent in stderr: "PHP message: PHP Fatal error:  Uncaught Twig\Error\SyntaxError: Unexpected character "&". in /home/ajayd/web/ajayd.twigtraining.36.aum/templates/testcal.html.twig:5
Stack trace:
#0 /home/ajayd/web/ajayd.twigtraining.36.aum/vendor/twig/twig/src/Lexer.php(279): Twig\Lexer->lexExpression()
#1 /home/ajayd/web/ajayd.twigtraining.36.aum/vendor/twig/twig/src/Lexer.php(180): Twig\Lexer->lexBlock()
#2 /home/ajayd/web/ajayd.twigtraining.36.aum/vendor/twig/twig/src/Environment.php(460): Twig\Lexer->tokenize(Object(Twig\Source))
#3 /home/ajayd/web/ajayd.twigtraining.36.aum/vendor/twig/twig/src/Environment.php(507): Twig\Environment->tokenize(Object(Twig\Source))
#4 /home/ajayd/web/ajayd.twigtraining.36.aum/vendor/twig/twig/src/Environment.php(348): Twig\Environment->compileSource(Object(Twig\Source))
#5 /home/ajayd/web/ajayd.twigtraining.36.aum/vendor/twig/twig/src/Environment.php(309): Twig\Environment->loadTemplate('__TwigTemplate_...', 'testcal.html.tw...')
#6 /home/ajayd/web/ajayd.twigtraining.36.aum/vendor/twig/" while reading response header from upstream, client: 127.0.0.1, server: ajayd.twigtraining.36.aum, request: "GET /calendar.php HTTP/1.1", upstream: "fastcgi://unix:/var/run/php/php7.2-fpm.sock:", host: "ajayd.twigtraining.36.aum"
2020/03/31 16:01:50 [error] 920#920: *890 FastCGI sent in stderr: "PHP message: PHP Fatal error:  Uncaught Twig\Error\SyntaxError: Unexpected character "&". in /home/ajayd/web/ajayd.twigtraining.36.aum/templates/testcal.html.twig:5
Stack trace:
#0 /home/ajayd/web/ajayd.twigtraining.36.aum/vendor/twig/twig/src/Lexer.php(279): Twig\Lexer->lexExpression()
#1 /home/ajayd/web/ajayd.twigtraining.36.aum/vendor/twig/twig/src/Lexer.php(180): Twig\Lexer->lexBlock()
#2 /home/ajayd/web/ajayd.twigtraining.36.aum/vendor/twig/twig/src/Environment.php(460): Twig\Lexer->tokenize(Object(Twig\Source))
#3 /home/ajayd/web/ajayd.twigtraining.36.aum/vendor/twig/twig/src/Environment.php(507): Twig\Environment->tokenize(Object(Twig\Source))
#4 /home/ajayd/web/ajayd.twigtraining.36.aum/vendor/twig/twig/src/Environment.php(348): Twig\Environment->compileSource(Object(Twig\Source))
#5 /home/ajayd/web/ajayd.twigtraining.36.aum/vendor/twig/twig/src/Environment.php(309): Twig\Environment->loadTemplate('__TwigTemplate_...', 'testcal.html.tw...')
#6 /home/ajayd/web/ajayd.twigtraining.36.aum/vendor/twig/" while reading response header from upstream, client: 127.0.0.1, server: ajayd.twigtraining.36.aum, request: "GET /calendar.php HTTP/1.1", upstream: "fastcgi://unix:/var/run/php/php7.2-fpm.sock:", host: "ajayd.twigtraining.36.aum"
2020/04/01 16:08:04 [error] 913#913: *37 FastCGI sent in stderr: "PHP message: PHP Fatal error:  Uncaught Error: Class 'HtmlExtension' not found in /home/ajayd/web/ajayd.twigtraining.36.aum/bootstrap.php:13
Stack trace:
#0 /home/ajayd/web/ajayd.twigtraining.36.aum/twig-filter.php(4): require_once()
#1 {main}
  thrown in /home/ajayd/web/ajayd.twigtraining.36.aum/bootstrap.php on line 13" while reading response header from upstream, client: 127.0.0.1, server: ajayd.twigtraining.36.aum, request: "GET /twig-filter.php HTTP/1.1", upstream: "fastcgi://unix:/var/run/php/php7.2-fpm.sock:", host: "ajayd.twigtraining.36.aum"
2020/04/01 16:08:07 [error] 913#913: *37 FastCGI sent in stderr: "PHP message: PHP Fatal error:  Uncaught Error: Class 'HtmlExtension' not found in /home/ajayd/web/ajayd.twigtraining.36.aum/bootstrap.php:13
Stack trace:
#0 /home/ajayd/web/ajayd.twigtraining.36.aum/twig-filter.php(4): require_once()
#1 {main}
  thrown in /home/ajayd/web/ajayd.twigtraining.36.aum/bootstrap.php on line 13" while reading response header from upstream, client: 127.0.0.1, server: ajayd.twigtraining.36.aum, request: "GET /twig-filter.php HTTP/1.1", upstream: "fastcgi://unix:/var/run/php/php7.2-fpm.sock:", host: "ajayd.twigtraining.36.aum"
2020/04/01 16:08:07 [error] 913#913: *37 FastCGI sent in stderr: "PHP message: PHP Fatal error:  Uncaught Error: Class 'HtmlExtension' not found in /home/ajayd/web/ajayd.twigtraining.36.aum/bootstrap.php:13
Stack trace:
#0 /home/ajayd/web/ajayd.twigtraining.36.aum/twig-filter.php(4): require_once()
#1 {main}
  thrown in /home/ajayd/web/ajayd.twigtraining.36.aum/bootstrap.php on line 13" while reading response header from upstream, client: 127.0.0.1, server: ajayd.twigtraining.36.aum, request: "GET /twig-filter.php HTTP/1.1", upstream: "fastcgi://unix:/var/run/php/php7.2-fpm.sock:", host: "ajayd.twigtraining.36.aum"
2020/04/01 16:08:07 [error] 913#913: *37 FastCGI sent in stderr: "PHP message: PHP Fatal error:  Uncaught Error: Class 'HtmlExtension' not found in /home/ajayd/web/ajayd.twigtraining.36.aum/bootstrap.php:13
Stack trace:
#0 /home/ajayd/web/ajayd.twigtraining.36.aum/twig-filter.php(4): require_once()
#1 {main}
  thrown in /home/ajayd/web/ajayd.twigtraining.36.aum/bootstrap.php on line 13" while reading response header from upstream, client: 127.0.0.1, server: ajayd.twigtraining.36.aum, request: "GET /twig-filter.php HTTP/1.1", upstream: "fastcgi://unix:/var/run/php/php7.2-fpm.sock:", host: "ajayd.twigtraining.36.aum"
2020/04/01 16:09:29 [error] 913#913: *42 FastCGI sent in stderr: "PHP message: PHP Fatal error:  Uncaught Error: Class 'HtmlExtension' not found in /home/ajayd/web/ajayd.twigtraining.36.aum/bootstrap.php:13
Stack trace:
#0 /home/ajayd/web/ajayd.twigtraining.36.aum/twig-filter.php(4): require_once()
#1 {main}
  thrown in /home/ajayd/web/ajayd.twigtraining.36.aum/bootstrap.php on line 13" while reading response header from upstream, client: 127.0.0.1, server: ajayd.twigtraining.36.aum, request: "GET /twig-filter.php HTTP/1.1", upstream: "fastcgi://unix:/var/run/php/php7.2-fpm.sock:", host: "ajayd.twigtraining.36.aum"
2020/04/01 16:09:47 [error] 913#913: *42 FastCGI sent in stderr: "PHP message: PHP Fatal error:  Uncaught Error: Class 'HtmlExtension' not found in /home/ajayd/web/ajayd.twigtraining.36.aum/bootstrap.php:13
Stack trace:
#0 /home/ajayd/web/ajayd.twigtraining.36.aum/twig-filter.php(4): require_once()
#1 {main}
  thrown in /home/ajayd/web/ajayd.twigtraining.36.aum/bootstrap.php on line 13" while reading response header from upstream, client: 127.0.0.1, server: ajayd.twigtraining.36.aum, request: "GET /twig-filter.php HTTP/1.1", upstream: "fastcgi://unix:/var/run/php/php7.2-fpm.sock:", host: "ajayd.twigtraining.36.aum"
2020/04/01 16:10:04 [error] 913#913: *42 FastCGI sent in stderr: "PHP message: PHP Fatal error:  Uncaught Error: Class 'HtmlExtension' not found in /home/ajayd/web/ajayd.twigtraining.36.aum/bootstrap.php:13
Stack trace:
#0 /home/ajayd/web/ajayd.twigtraining.36.aum/twig-filter.php(4): require_once()
#1 {main}
  thrown in /home/ajayd/web/ajayd.twigtraining.36.aum/bootstrap.php on line 13" while reading response header from upstream, client: 127.0.0.1, server: ajayd.twigtraining.36.aum, request: "GET /twig-filter.php HTTP/1.1", upstream: "fastcgi://unix:/var/run/php/php7.2-fpm.sock:", host: "ajayd.twigtraining.36.aum"
2020/04/01 16:10:22 [error] 913#913: *42 FastCGI sent in stderr: "PHP message: PHP Fatal error:  Uncaught Error: Class 'HtmlExtension' not found in /home/ajayd/web/ajayd.twigtraining.36.aum/bootstrap.php:13
Stack trace:
#0 /home/ajayd/web/ajayd.twigtraining.36.aum/twig-filter.php(2): require_once()
#1 {main}
  thrown in /home/ajayd/web/ajayd.twigtraining.36.aum/bootstrap.php on line 13" while reading response header from upstream, client: 127.0.0.1, server: ajayd.twigtraining.36.aum, request: "GET /twig-filter.php HTTP/1.1", upstream: "fastcgi://unix:/var/run/php/php7.2-fpm.sock:", host: "ajayd.twigtraining.36.aum"
2020/04/01 16:10:27 [error] 913#913: *42 FastCGI sent in stderr: "PHP message: PHP Fatal error:  Uncaught Error: Class 'HtmlExtension' not found in /home/ajayd/web/ajayd.twigtraining.36.aum/bootstrap.php:13
Stack trace:
#0 /home/ajayd/web/ajayd.twigtraining.36.aum/index.php(4): require_once()
#1 {main}
  thrown in /home/ajayd/web/ajayd.twigtraining.36.aum/bootstrap.php on line 13" while reading response header from upstream, client: 127.0.0.1, server: ajayd.twigtraining.36.aum, request: "GET /index.php HTTP/1.1", upstream: "fastcgi://unix:/var/run/php/php7.2-fpm.sock:", host: "ajayd.twigtraining.36.aum"
2020/04/01 16:10:28 [error] 913#913: *48 FastCGI sent in stderr: "PHP message: PHP Fatal error:  Uncaught Error: Class 'HtmlExtension' not found in /home/ajayd/web/ajayd.twigtraining.36.aum/bootstrap.php:13
Stack trace:
#0 /home/ajayd/web/ajayd.twigtraining.36.aum/index.php(4): require_once()
#1 {main}
  thrown in /home/ajayd/web/ajayd.twigtraining.36.aum/bootstrap.php on line 13" while reading response header from upstream, client: 127.0.0.1, server: ajayd.twigtraining.36.aum, request: "GET /index.php HTTP/1.1", upstream: "fastcgi://unix:/var/run/php/php7.2-fpm.sock:", host: "ajayd.twigtraining.36.aum"
2020/04/01 16:10:28 [error] 913#913: *50 FastCGI sent in stderr: "PHP message: PHP Fatal error:  Uncaught Error: Class 'HtmlExtension' not found in /home/ajayd/web/ajayd.twigtraining.36.aum/bootstrap.php:13
Stack trace:
#0 /home/ajayd/web/ajayd.twigtraining.36.aum/index.php(4): require_once()
#1 {main}
  thrown in /home/ajayd/web/ajayd.twigtraining.36.aum/bootstrap.php on line 13" while reading response header from upstream, client: 127.0.0.1, server: ajayd.twigtraining.36.aum, request: "GET /index.php HTTP/1.1", upstream: "fastcgi://unix:/var/run/php/php7.2-fpm.sock:", host: "ajayd.twigtraining.36.aum"
2020/04/01 16:10:28 [error] 913#913: *52 FastCGI sent in stderr: "PHP message: PHP Fatal error:  Uncaught Error: Class 'HtmlExtension' not found in /home/ajayd/web/ajayd.twigtraining.36.aum/bootstrap.php:13
Stack trace:
#0 /home/ajayd/web/ajayd.twigtraining.36.aum/index.php(4): require_once()
#1 {main}
  thrown in /home/ajayd/web/ajayd.twigtraining.36.aum/bootstrap.php on line 13" while reading response header from upstream, client: 127.0.0.1, server: ajayd.twigtraining.36.aum, request: "GET /index.php HTTP/1.1", upstream: "fastcgi://unix:/var/run/php/php7.2-fpm.sock:", host: "ajayd.twigtraining.36.aum"
2020/04/01 16:11:09 [error] 913#913: *52 FastCGI sent in stderr: "PHP message: PHP Fatal error:  Uncaught Error: Class 'Twig\Extra\Intl\HtmlExtension' not found in /home/ajayd/web/ajayd.twigtraining.36.aum/bootstrap.php:14
Stack trace:
#0 /home/ajayd/web/ajayd.twigtraining.36.aum/index.php(4): require_once()
#1 {main}
  thrown in /home/ajayd/web/ajayd.twigtraining.36.aum/bootstrap.php on line 14" while reading response header from upstream, client: 127.0.0.1, server: ajayd.twigtraining.36.aum, request: "GET /index.php HTTP/1.1", upstream: "fastcgi://unix:/var/run/php/php7.2-fpm.sock:", host: "ajayd.twigtraining.36.aum"
2020/04/01 16:11:11 [error] 913#913: *52 FastCGI sent in stderr: "PHP message: PHP Fatal error:  Uncaught Error: Class 'Twig\Extra\Intl\HtmlExtension' not found in /home/ajayd/web/ajayd.twigtraining.36.aum/bootstrap.php:14
Stack trace:
#0 /home/ajayd/web/ajayd.twigtraining.36.aum/index.php(4): require_once()
#1 {main}
  thrown in /home/ajayd/web/ajayd.twigtraining.36.aum/bootstrap.php on line 14" while reading response header from upstream, client: 127.0.0.1, server: ajayd.twigtraining.36.aum, request: "GET /index.php HTTP/1.1", upstream: "fastcgi://unix:/var/run/php/php7.2-fpm.sock:", host: "ajayd.twigtraining.36.aum"
2020/04/01 16:12:44 [error] 913#913: *58 FastCGI sent in stderr: "PHP message: PHP Fatal error:  Uncaught TypeError: Argument 1 passed to Twig\Extra\Html\HtmlExtension::dataUri() must be of the type string, null given, called in /home/ajayd/web/ajayd.twigtraining.36.aum/vendor/twig/twig/src/Environment.php(358) : eval()'d code on line 163 and defined in /home/ajayd/web/ajayd.twigtraining.36.aum/vendor/twig/html-extra/src/HtmlExtension.php:49
Stack trace:
#0 /home/ajayd/web/ajayd.twigtraining.36.aum/vendor/twig/twig/src/Environment.php(358) : eval()'d code(163): Twig\Extra\Html\HtmlExtension->dataUri(NULL)
#1 /home/ajayd/web/ajayd.twigtraining.36.aum/vendor/twig/twig/src/Template.php(173): __TwigTemplate_146e820ede11418a8c7d85c52398de3473e0bfd053d3de1773609d3492062b51->block_content(Array, Array)
#2 /home/ajayd/web/ajayd.twigtraining.36.aum/vendor/twig/twig/src/Environment.php(358) : eval()'d code(58): Twig\Template->displayBlock('content', Array, Array)
#3 /home/ajayd/web/ajayd.twigtraining.36.aum/vendor/twig/twig/src/Template.php(396): __TwigTemplate_a7e993aeb371e8a798" while reading response header from upstream, client: 127.0.0.1, server: ajayd.twigtraining.36.aum, request: "GET /twig-filter.php HTTP/1.1", upstream: "fastcgi://unix:/var/run/php/php7.2-fpm.sock:", host: "ajayd.twigtraining.36.aum"
2020/04/01 16:23:04 [error] 913#913: *80 FastCGI sent in stderr: "PHP message: PHP Fatal error:  Uncaught Twig\Error\SyntaxError: Unexpected token "name" of value "text" ("end of print statement" expected). in /home/ajayd/web/ajayd.twigtraining.36.aum/templates/twig-filter.html.twig:50
Stack trace:
#0 /home/ajayd/web/ajayd.twigtraining.36.aum/vendor/twig/twig/src/Parser.php(140): Twig\TokenStream->expect(4)
#1 /home/ajayd/web/ajayd.twigtraining.36.aum/vendor/twig/twig/src/TokenParser/BlockTokenParser.php(45): Twig\Parser->subparse(Array, true)
#2 /home/ajayd/web/ajayd.twigtraining.36.aum/vendor/twig/twig/src/Parser.php(182): Twig\TokenParser\BlockTokenParser->parse(Object(Twig\Token))
#3 /home/ajayd/web/ajayd.twigtraining.36.aum/vendor/twig/twig/src/Parser.php(95): Twig\Parser->subparse(NULL, false)
#4 /home/ajayd/web/ajayd.twigtraining.36.aum/vendor/twig/twig/src/Environment.php(479): Twig\Parser->parse(Object(Twig\TokenStream))
#5 /home/ajayd/web/ajayd.twigtraining.36.aum/vendor/twig/twig/src/Environment.php(507): Twig\Environment->parse(Object(Twig\TokenStream))
#6 /" while reading response header from upstream, client: 127.0.0.1, server: ajayd.twigtraining.36.aum, request: "GET /twig-filter.php HTTP/1.1", upstream: "fastcgi://unix:/var/run/php/php7.2-fpm.sock:", host: "ajayd.twigtraining.36.aum"
2020/04/01 16:23:14 [error] 913#913: *80 FastCGI sent in stderr: "PHP message: PHP Fatal error:  Uncaught Twig\Error\SyntaxError: Unexpected token "operator" of value "<". in /home/ajayd/web/ajayd.twigtraining.36.aum/templates/twig-filter.html.twig:50
Stack trace:
#0 /home/ajayd/web/ajayd.twigtraining.36.aum/vendor/twig/twig/src/ExpressionParser.php(175): Twig\ExpressionParser->parsePrimaryExpression()
#1 /home/ajayd/web/ajayd.twigtraining.36.aum/vendor/twig/twig/src/ExpressionParser.php(70): Twig\ExpressionParser->getPrimary()
#2 /home/ajayd/web/ajayd.twigtraining.36.aum/vendor/twig/twig/src/Parser.php(139): Twig\ExpressionParser->parseExpression()
#3 /home/ajayd/web/ajayd.twigtraining.36.aum/vendor/twig/twig/src/TokenParser/BlockTokenParser.php(45): Twig\Parser->subparse(Array, true)
#4 /home/ajayd/web/ajayd.twigtraining.36.aum/vendor/twig/twig/src/Parser.php(182): Twig\TokenParser\BlockTokenParser->parse(Object(Twig\Token))
#5 /home/ajayd/web/ajayd.twigtraining.36.aum/vendor/twig/twig/src/Parser.php(95): Twig\Parser->subparse(NULL, false)
#6 /home/ajayd/web/ajayd.twi" while reading response header from upstream, client: 127.0.0.1, server: ajayd.twigtraining.36.aum, request: "GET /twig-filter.php HTTP/1.1", upstream: "fastcgi://unix:/var/run/php/php7.2-fpm.sock:", host: "ajayd.twigtraining.36.aum"
2020/04/01 16:35:21 [error] 913#913: *92 FastCGI sent in stderr: "PHP message: PHP Notice:  Array to string conversion in /home/ajayd/web/ajayd.twigtraining.36.aum/vendor/twig/twig/src/Environment.php(358) : eval()'d code on line 186" while reading response header from upstream, client: 127.0.0.1, server: ajayd.twigtraining.36.aum, request: "GET /twig-filter.php HTTP/1.1", upstream: "fastcgi://unix:/var/run/php/php7.2-fpm.sock:", host: "ajayd.twigtraining.36.aum"
2020/04/01 16:35:30 [error] 913#913: *92 FastCGI sent in stderr: "PHP message: PHP Fatal error:  Uncaught Twig\Error\SyntaxError: Unknown "all" filter. in /home/ajayd/web/ajayd.twigtraining.36.aum/templates/twig-filter.html.twig:55
Stack trace:
#0 /home/ajayd/web/ajayd.twigtraining.36.aum/vendor/twig/twig/src/ExpressionParser.php(549): Twig\ExpressionParser->getFilterNodeClass('all', 55)
#1 /home/ajayd/web/ajayd.twigtraining.36.aum/vendor/twig/twig/src/ExpressionParser.php(534): Twig\ExpressionParser->parseFilterExpressionRaw(Object(Twig\Node\Expression\ArrayExpression))
#2 /home/ajayd/web/ajayd.twigtraining.36.aum/vendor/twig/twig/src/ExpressionParser.php(392): Twig\ExpressionParser->parseFilterExpression(Object(Twig\Node\Expression\ArrayExpression))
#3 /home/ajayd/web/ajayd.twigtraining.36.aum/vendor/twig/twig/src/ExpressionParser.php(284): Twig\ExpressionParser->parsePostfixExpression(Object(Twig\Node\Expression\ArrayExpression))
#4 /home/ajayd/web/ajayd.twigtraining.36.aum/vendor/twig/twig/src/ExpressionParser.php(175): Twig\ExpressionParser->parsePrimaryExpression(" while reading response header from upstream, client: 127.0.0.1, server: ajayd.twigtraining.36.aum, request: "GET /twig-filter.php HTTP/1.1", upstream: "fastcgi://unix:/var/run/php/php7.2-fpm.sock:", host: "ajayd.twigtraining.36.aum"
2020/04/02 10:05:52 [error] 902#902: *3 FastCGI sent in stderr: "PHP message: PHP Fatal error:  Uncaught Twig\Error\LoaderError: Unable to find template "twig-function .html.twig" (looked into: /home/ajayd/web/ajayd.twigtraining.36.aum/templates). in /home/ajayd/web/ajayd.twigtraining.36.aum/vendor/twig/twig/src/Loader/FilesystemLoader.php:227
Stack trace:
#0 /home/ajayd/web/ajayd.twigtraining.36.aum/vendor/twig/twig/src/Loader/FilesystemLoader.php(131): Twig\Loader\FilesystemLoader->findTemplate('twig-function ....')
#1 /home/ajayd/web/ajayd.twigtraining.36.aum/vendor/twig/twig/src/Environment.php(261): Twig\Loader\FilesystemLoader->getCacheKey('twig-function ....')
#2 /home/ajayd/web/ajayd.twigtraining.36.aum/vendor/twig/twig/src/Environment.php(309): Twig\Environment->getTemplateClass('twig-function ....')
#3 /home/ajayd/web/ajayd.twigtraining.36.aum/vendor/twig/twig/src/Environment.php(277): Twig\Environment->load('twig-function ....')
#4 /home/ajayd/web/ajayd.twigtraining.36.aum/twig-function.php(17): Twig\Environment->render('twig-function ....', Array)
#5 {main}" while reading response header from upstream, client: 127.0.0.1, server: ajayd.twigtraining.36.aum, request: "GET /twig-function.php HTTP/1.1", upstream: "fastcgi://unix:/var/run/php/php7.2-fpm.sock:", host: "ajayd.twigtraining.36.aum"
2020/04/02 10:05:58 [error] 902#902: *5 FastCGI sent in stderr: "PHP message: PHP Fatal error:  Uncaught Twig\Error\LoaderError: Unable to find template "twig-function .html.twig" (looked into: /home/ajayd/web/ajayd.twigtraining.36.aum/templates). in /home/ajayd/web/ajayd.twigtraining.36.aum/vendor/twig/twig/src/Loader/FilesystemLoader.php:227
Stack trace:
#0 /home/ajayd/web/ajayd.twigtraining.36.aum/vendor/twig/twig/src/Loader/FilesystemLoader.php(131): Twig\Loader\FilesystemLoader->findTemplate('twig-function ....')
#1 /home/ajayd/web/ajayd.twigtraining.36.aum/vendor/twig/twig/src/Environment.php(261): Twig\Loader\FilesystemLoader->getCacheKey('twig-function ....')
#2 /home/ajayd/web/ajayd.twigtraining.36.aum/vendor/twig/twig/src/Environment.php(309): Twig\Environment->getTemplateClass('twig-function ....')
#3 /home/ajayd/web/ajayd.twigtraining.36.aum/vendor/twig/twig/src/Environment.php(277): Twig\Environment->load('twig-function ....')
#4 /home/ajayd/web/ajayd.twigtraining.36.aum/twig-function.php(17): Twig\Environment->render('twig-function ....', Array)
#5 {main}" while reading response header from upstream, client: 127.0.0.1, server: ajayd.twigtraining.36.aum, request: "GET /twig-function.php HTTP/1.1", upstream: "fastcgi://unix:/var/run/php/php7.2-fpm.sock:", host: "ajayd.twigtraining.36.aum"
2020/04/02 10:06:01 [error] 902#902: *5 FastCGI sent in stderr: "PHP message: PHP Fatal error:  Uncaught Twig\Error\LoaderError: Unable to find template "twig-function .html.twig" (looked into: /home/ajayd/web/ajayd.twigtraining.36.aum/templates). in /home/ajayd/web/ajayd.twigtraining.36.aum/vendor/twig/twig/src/Loader/FilesystemLoader.php:227
Stack trace:
#0 /home/ajayd/web/ajayd.twigtraining.36.aum/vendor/twig/twig/src/Loader/FilesystemLoader.php(131): Twig\Loader\FilesystemLoader->findTemplate('twig-function ....')
#1 /home/ajayd/web/ajayd.twigtraining.36.aum/vendor/twig/twig/src/Environment.php(261): Twig\Loader\FilesystemLoader->getCacheKey('twig-function ....')
#2 /home/ajayd/web/ajayd.twigtraining.36.aum/vendor/twig/twig/src/Environment.php(309): Twig\Environment->getTemplateClass('twig-function ....')
#3 /home/ajayd/web/ajayd.twigtraining.36.aum/vendor/twig/twig/src/Environment.php(277): Twig\Environment->load('twig-function ....')
#4 /home/ajayd/web/ajayd.twigtraining.36.aum/twig-function.php(17): Twig\Environment->render('twig-function ....', Array)
#5 {main}" while reading response header from upstream, client: 127.0.0.1, server: ajayd.twigtraining.36.aum, request: "GET /twig-function.php HTTP/1.1", upstream: "fastcgi://unix:/var/run/php/php7.2-fpm.sock:", host: "ajayd.twigtraining.36.aum"
2020/04/02 10:06:12 [error] 902#902: *5 FastCGI sent in stderr: "PHP message: PHP Fatal error:  Uncaught Twig\Error\LoaderError: Unable to find template "twig-function .html.twig" (looked into: /home/ajayd/web/ajayd.twigtraining.36.aum/templates). in /home/ajayd/web/ajayd.twigtraining.36.aum/vendor/twig/twig/src/Loader/FilesystemLoader.php:227
Stack trace:
#0 /home/ajayd/web/ajayd.twigtraining.36.aum/vendor/twig/twig/src/Loader/FilesystemLoader.php(131): Twig\Loader\FilesystemLoader->findTemplate('twig-function ....')
#1 /home/ajayd/web/ajayd.twigtraining.36.aum/vendor/twig/twig/src/Environment.php(261): Twig\Loader\FilesystemLoader->getCacheKey('twig-function ....')
#2 /home/ajayd/web/ajayd.twigtraining.36.aum/vendor/twig/twig/src/Environment.php(309): Twig\Environment->getTemplateClass('twig-function ....')
#3 /home/ajayd/web/ajayd.twigtraining.36.aum/vendor/twig/twig/src/Environment.php(277): Twig\Environment->load('twig-function ....')
#4 /home/ajayd/web/ajayd.twigtraining.36.aum/twig-function.php(17): Twig\Environment->render('twig-function ....', Array)
#5 {main}" while reading response header from upstream, client: 127.0.0.1, server: ajayd.twigtraining.36.aum, request: "GET /twig-function.php HTTP/1.1", upstream: "fastcgi://unix:/var/run/php/php7.2-fpm.sock:", host: "ajayd.twigtraining.36.aum"
2020/04/02 10:06:35 [error] 902#902: *5 FastCGI sent in stderr: "PHP message: PHP Fatal error:  Uncaught Twig\Error\LoaderError: Unable to find template "twig-function .html.twig" (looked into: /home/ajayd/web/ajayd.twigtraining.36.aum/templates). in /home/ajayd/web/ajayd.twigtraining.36.aum/vendor/twig/twig/src/Loader/FilesystemLoader.php:227
Stack trace:
#0 /home/ajayd/web/ajayd.twigtraining.36.aum/vendor/twig/twig/src/Loader/FilesystemLoader.php(131): Twig\Loader\FilesystemLoader->findTemplate('twig-function ....')
#1 /home/ajayd/web/ajayd.twigtraining.36.aum/vendor/twig/twig/src/Environment.php(261): Twig\Loader\FilesystemLoader->getCacheKey('twig-function ....')
#2 /home/ajayd/web/ajayd.twigtraining.36.aum/vendor/twig/twig/src/Environment.php(309): Twig\Environment->getTemplateClass('twig-function ....')
#3 /home/ajayd/web/ajayd.twigtraining.36.aum/vendor/twig/twig/src/Environment.php(277): Twig\Environment->load('twig-function ....')
#4 /home/ajayd/web/ajayd.twigtraining.36.aum/twig-function.php(17): Twig\Environment->render('twig-function ....', Array)
#5 {main}" while reading response header from upstream, client: 127.0.0.1, server: ajayd.twigtraining.36.aum, request: "GET /twig-function.php HTTP/1.1", upstream: "fastcgi://unix:/var/run/php/php7.2-fpm.sock:", host: "ajayd.twigtraining.36.aum"
2020/04/02 10:06:36 [error] 902#902: *5 FastCGI sent in stderr: "PHP message: PHP Fatal error:  Uncaught Twig\Error\LoaderError: Unable to find template "twig-function .html.twig" (looked into: /home/ajayd/web/ajayd.twigtraining.36.aum/templates). in /home/ajayd/web/ajayd.twigtraining.36.aum/vendor/twig/twig/src/Loader/FilesystemLoader.php:227
Stack trace:
#0 /home/ajayd/web/ajayd.twigtraining.36.aum/vendor/twig/twig/src/Loader/FilesystemLoader.php(131): Twig\Loader\FilesystemLoader->findTemplate('twig-function ....')
#1 /home/ajayd/web/ajayd.twigtraining.36.aum/vendor/twig/twig/src/Environment.php(261): Twig\Loader\FilesystemLoader->getCacheKey('twig-function ....')
#2 /home/ajayd/web/ajayd.twigtraining.36.aum/vendor/twig/twig/src/Environment.php(309): Twig\Environment->getTemplateClass('twig-function ....')
#3 /home/ajayd/web/ajayd.twigtraining.36.aum/vendor/twig/twig/src/Environment.php(277): Twig\Environment->load('twig-function ....')
#4 /home/ajayd/web/ajayd.twigtraining.36.aum/twig-function.php(17): Twig\Environment->render('twig-function ....', Array)
#5 {main}" while reading response header from upstream, client: 127.0.0.1, server: ajayd.twigtraining.36.aum, request: "GET /twig-function.php HTTP/1.1", upstream: "fastcgi://unix:/var/run/php/php7.2-fpm.sock:", host: "ajayd.twigtraining.36.aum"
2020/04/02 10:06:36 [error] 902#902: *5 FastCGI sent in stderr: "PHP message: PHP Fatal error:  Uncaught Twig\Error\LoaderError: Unable to find template "twig-function .html.twig" (looked into: /home/ajayd/web/ajayd.twigtraining.36.aum/templates). in /home/ajayd/web/ajayd.twigtraining.36.aum/vendor/twig/twig/src/Loader/FilesystemLoader.php:227
Stack trace:
#0 /home/ajayd/web/ajayd.twigtraining.36.aum/vendor/twig/twig/src/Loader/FilesystemLoader.php(131): Twig\Loader\FilesystemLoader->findTemplate('twig-function ....')
#1 /home/ajayd/web/ajayd.twigtraining.36.aum/vendor/twig/twig/src/Environment.php(261): Twig\Loader\FilesystemLoader->getCacheKey('twig-function ....')
#2 /home/ajayd/web/ajayd.twigtraining.36.aum/vendor/twig/twig/src/Environment.php(309): Twig\Environment->getTemplateClass('twig-function ....')
#3 /home/ajayd/web/ajayd.twigtraining.36.aum/vendor/twig/twig/src/Environment.php(277): Twig\Environment->load('twig-function ....')
#4 /home/ajayd/web/ajayd.twigtraining.36.aum/twig-function.php(17): Twig\Environment->render('twig-function ....', Array)
#5 {main}" while reading response header from upstream, client: 127.0.0.1, server: ajayd.twigtraining.36.aum, request: "GET /twig-function.php HTTP/1.1", upstream: "fastcgi://unix:/var/run/php/php7.2-fpm.sock:", host: "ajayd.twigtraining.36.aum"
2020/04/02 10:06:36 [error] 902#902: *5 FastCGI sent in stderr: "PHP message: PHP Fatal error:  Uncaught Twig\Error\LoaderError: Unable to find template "twig-function .html.twig" (looked into: /home/ajayd/web/ajayd.twigtraining.36.aum/templates). in /home/ajayd/web/ajayd.twigtraining.36.aum/vendor/twig/twig/src/Loader/FilesystemLoader.php:227
Stack trace:
#0 /home/ajayd/web/ajayd.twigtraining.36.aum/vendor/twig/twig/src/Loader/FilesystemLoader.php(131): Twig\Loader\FilesystemLoader->findTemplate('twig-function ....')
#1 /home/ajayd/web/ajayd.twigtraining.36.aum/vendor/twig/twig/src/Environment.php(261): Twig\Loader\FilesystemLoader->getCacheKey('twig-function ....')
#2 /home/ajayd/web/ajayd.twigtraining.36.aum/vendor/twig/twig/src/Environment.php(309): Twig\Environment->getTemplateClass('twig-function ....')
#3 /home/ajayd/web/ajayd.twigtraining.36.aum/vendor/twig/twig/src/Environment.php(277): Twig\Environment->load('twig-function ....')
#4 /home/ajayd/web/ajayd.twigtraining.36.aum/twig-function.php(17): Twig\Environment->render('twig-function ....', Array)
#5 {main}" while reading response header from upstream, client: 127.0.0.1, server: ajayd.twigtraining.36.aum, request: "GET /twig-function.php HTTP/1.1", upstream: "fastcgi://unix:/var/run/php/php7.2-fpm.sock:", host: "ajayd.twigtraining.36.aum"
2020/04/02 10:06:37 [error] 902#902: *5 FastCGI sent in stderr: "PHP message: PHP Fatal error:  Uncaught Twig\Error\LoaderError: Unable to find template "twig-function .html.twig" (looked into: /home/ajayd/web/ajayd.twigtraining.36.aum/templates). in /home/ajayd/web/ajayd.twigtraining.36.aum/vendor/twig/twig/src/Loader/FilesystemLoader.php:227
Stack trace:
#0 /home/ajayd/web/ajayd.twigtraining.36.aum/vendor/twig/twig/src/Loader/FilesystemLoader.php(131): Twig\Loader\FilesystemLoader->findTemplate('twig-function ....')
#1 /home/ajayd/web/ajayd.twigtraining.36.aum/vendor/twig/twig/src/Environment.php(261): Twig\Loader\FilesystemLoader->getCacheKey('twig-function ....')
#2 /home/ajayd/web/ajayd.twigtraining.36.aum/vendor/twig/twig/src/Environment.php(309): Twig\Environment->getTemplateClass('twig-function ....')
#3 /home/ajayd/web/ajayd.twigtraining.36.aum/vendor/twig/twig/src/Environment.php(277): Twig\Environment->load('twig-function ....')
#4 /home/ajayd/web/ajayd.twigtraining.36.aum/twig-function.php(17): Twig\Environment->render('twig-function ....', Array)
#5 {main}" while reading response header from upstream, client: 127.0.0.1, server: ajayd.twigtraining.36.aum, request: "GET /twig-function.php HTTP/1.1", upstream: "fastcgi://unix:/var/run/php/php7.2-fpm.sock:", host: "ajayd.twigtraining.36.aum"
2020/04/02 10:17:36 [error] 902#902: *18 FastCGI sent in stderr: "PHP message: PHP Notice:  Array to string conversion in /home/ajayd/web/ajayd.twigtraining.36.aum/vendor/twig/twig/src/Environment.php(358) : eval()'d code on line 61" while reading response header from upstream, client: 127.0.0.1, server: ajayd.twigtraining.36.aum, request: "GET /twig-function.php HTTP/1.1", upstream: "fastcgi://unix:/var/run/php/php7.2-fpm.sock:", host: "ajayd.twigtraining.36.aum"
2020/04/02 10:18:01 [error] 902#902: *18 FastCGI sent in stderr: "PHP message: PHP Fatal error:  Uncaught Twig\Error\SyntaxError: The "attribute" function takes at least two arguments (the variable and the attributes). in /home/ajayd/web/ajayd.twigtraining.36.aum/templates/twig-function.html.twig:7
Stack trace:
#0 /home/ajayd/web/ajayd.twigtraining.36.aum/vendor/twig/twig/src/ExpressionParser.php(235): Twig\ExpressionParser->getFunctionNode('attribute', 7)
#1 /home/ajayd/web/ajayd.twigtraining.36.aum/vendor/twig/twig/src/ExpressionParser.php(175): Twig\ExpressionParser->parsePrimaryExpression()
#2 /home/ajayd/web/ajayd.twigtraining.36.aum/vendor/twig/twig/src/ExpressionParser.php(70): Twig\ExpressionParser->getPrimary()
#3 /home/ajayd/web/ajayd.twigtraining.36.aum/vendor/twig/twig/src/Parser.php(139): Twig\ExpressionParser->parseExpression()
#4 /home/ajayd/web/ajayd.twigtraining.36.aum/vendor/twig/twig/src/TokenParser/BlockTokenParser.php(45): Twig\Parser->subparse(Array, true)
#5 /home/ajayd/web/ajayd.twigtraining.36.aum/vendor/twig/twig/src/Parser.php(182): Twig\Token" while reading response header from upstream, client: 127.0.0.1, server: ajayd.twigtraining.36.aum, request: "GET /twig-function.php HTTP/1.1", upstream: "fastcgi://unix:/var/run/php/php7.2-fpm.sock:", host: "ajayd.twigtraining.36.aum"
2020/04/02 10:28:18 [error] 902#902: *34 FastCGI sent in stderr: "PHP message: PHP Fatal error:  Uncaught Twig\Error\SyntaxError: The "attribute" function takes at least two arguments (the variable and the attributes). in /home/ajayd/web/ajayd.twigtraining.36.aum/templates/twig-function.html.twig:8
Stack trace:
#0 /home/ajayd/web/ajayd.twigtraining.36.aum/vendor/twig/twig/src/ExpressionParser.php(235): Twig\ExpressionParser->getFunctionNode('attribute', 8)
#1 /home/ajayd/web/ajayd.twigtraining.36.aum/vendor/twig/twig/src/ExpressionParser.php(175): Twig\ExpressionParser->parsePrimaryExpression()
#2 /home/ajayd/web/ajayd.twigtraining.36.aum/vendor/twig/twig/src/ExpressionParser.php(70): Twig\ExpressionParser->getPrimary()
#3 /home/ajayd/web/ajayd.twigtraining.36.aum/vendor/twig/twig/src/Parser.php(139): Twig\ExpressionParser->parseExpression()
#4 /home/ajayd/web/ajayd.twigtraining.36.aum/vendor/twig/twig/src/TokenParser/BlockTokenParser.php(45): Twig\Parser->subparse(Array, true)
#5 /home/ajayd/web/ajayd.twigtraining.36.aum/vendor/twig/twig/src/Parser.php(182): Twig\Token" while reading response header from upstream, client: 127.0.0.1, server: ajayd.twigtraining.36.aum, request: "GET /twig-function.php HTTP/1.1", upstream: "fastcgi://unix:/var/run/php/php7.2-fpm.sock:", host: "ajayd.twigtraining.36.aum"
2020/04/02 10:28:19 [error] 902#902: *34 FastCGI sent in stderr: "PHP message: PHP Fatal error:  Uncaught Twig\Error\SyntaxError: The "attribute" function takes at least two arguments (the variable and the attributes). in /home/ajayd/web/ajayd.twigtraining.36.aum/templates/twig-function.html.twig:8
Stack trace:
#0 /home/ajayd/web/ajayd.twigtraining.36.aum/vendor/twig/twig/src/ExpressionParser.php(235): Twig\ExpressionParser->getFunctionNode('attribute', 8)
#1 /home/ajayd/web/ajayd.twigtraining.36.aum/vendor/twig/twig/src/ExpressionParser.php(175): Twig\ExpressionParser->parsePrimaryExpression()
#2 /home/ajayd/web/ajayd.twigtraining.36.aum/vendor/twig/twig/src/ExpressionParser.php(70): Twig\ExpressionParser->getPrimary()
#3 /home/ajayd/web/ajayd.twigtraining.36.aum/vendor/twig/twig/src/Parser.php(139): Twig\ExpressionParser->parseExpression()
#4 /home/ajayd/web/ajayd.twigtraining.36.aum/vendor/twig/twig/src/TokenParser/BlockTokenParser.php(45): Twig\Parser->subparse(Array, true)
#5 /home/ajayd/web/ajayd.twigtraining.36.aum/vendor/twig/twig/src/Parser.php(182): Twig\Token" while reading response header from upstream, client: 127.0.0.1, server: ajayd.twigtraining.36.aum, request: "GET /twig-function.php HTTP/1.1", upstream: "fastcgi://unix:/var/run/php/php7.2-fpm.sock:", host: "ajayd.twigtraining.36.aum"
2020/04/02 14:59:24 [error] 902#902: *47 FastCGI sent in stderr: "PHP message: PHP Warning:  constant(): Couldn't find constant Namespace\Classname::CONSTANT_NAME in /home/ajayd/web/ajayd.twigtraining.36.aum/vendor/twig/twig/src/Extension/CoreExtension.php on line 1297" while reading response header from upstream, client: 127.0.0.1, server: ajayd.twigtraining.36.aum, request: "GET /twig-function.php HTTP/1.1", upstream: "fastcgi://unix:/var/run/php/php7.2-fpm.sock:", host: "ajayd.twigtraining.36.aum"
2020/04/02 15:04:57 [error] 902#902: *59 FastCGI sent in stderr: "PHP message: PHP Fatal error:  Uncaught Twig\Error\SyntaxError: Unknown "dump" function. in /home/ajayd/web/ajayd.twigtraining.36.aum/templates/twig-function.html.twig:27
Stack trace:
#0 /home/ajayd/web/ajayd.twigtraining.36.aum/vendor/twig/twig/src/ExpressionParser.php(446): Twig\ExpressionParser->getFunctionNodeClass('dump', 27)
#1 /home/ajayd/web/ajayd.twigtraining.36.aum/vendor/twig/twig/src/ExpressionParser.php(235): Twig\ExpressionParser->getFunctionNode('dump', 27)
#2 /home/ajayd/web/ajayd.twigtraining.36.aum/vendor/twig/twig/src/ExpressionParser.php(175): Twig\ExpressionParser->parsePrimaryExpression()
#3 /home/ajayd/web/ajayd.twigtraining.36.aum/vendor/twig/twig/src/ExpressionParser.php(70): Twig\ExpressionParser->getPrimary()
#4 /home/ajayd/web/ajayd.twigtraining.36.aum/vendor/twig/twig/src/Parser.php(139): Twig\ExpressionParser->parseExpression()
#5 /home/ajayd/web/ajayd.twigtraining.36.aum/vendor/twig/twig/src/TokenParser/BlockTokenParser.php(45): Twig\Parser->subparse(Array, true)
#6 /home/aj" while reading response header from upstream, client: 127.0.0.1, server: ajayd.twigtraining.36.aum, request: "GET /twig-function.php HTTP/1.1", upstream: "fastcgi://unix:/var/run/php/php7.2-fpm.sock:", host: "ajayd.twigtraining.36.aum"
2020/04/02 15:06:08 [error] 902#902: *61 FastCGI sent in stderr: "PHP message: PHP Fatal error:  Uncaught Twig\Error\SyntaxError: Unknown "dump" function. in /home/ajayd/web/ajayd.twigtraining.36.aum/templates/twig-function.html.twig:27
Stack trace:
#0 /home/ajayd/web/ajayd.twigtraining.36.aum/vendor/twig/twig/src/ExpressionParser.php(446): Twig\ExpressionParser->getFunctionNodeClass('dump', 27)
#1 /home/ajayd/web/ajayd.twigtraining.36.aum/vendor/twig/twig/src/ExpressionParser.php(235): Twig\ExpressionParser->getFunctionNode('dump', 27)
#2 /home/ajayd/web/ajayd.twigtraining.36.aum/vendor/twig/twig/src/ExpressionParser.php(175): Twig\ExpressionParser->parsePrimaryExpression()
#3 /home/ajayd/web/ajayd.twigtraining.36.aum/vendor/twig/twig/src/ExpressionParser.php(70): Twig\ExpressionParser->getPrimary()
#4 /home/ajayd/web/ajayd.twigtraining.36.aum/vendor/twig/twig/src/Parser.php(139): Twig\ExpressionParser->parseExpression()
#5 /home/ajayd/web/ajayd.twigtraining.36.aum/vendor/twig/twig/src/TokenParser/BlockTokenParser.php(45): Twig\Parser->subparse(Array, true)
#6 /home/aj" while reading response header from upstream, client: 127.0.0.1, server: ajayd.twigtraining.36.aum, request: "GET /twig-function.php HTTP/1.1", upstream: "fastcgi://unix:/var/run/php/php7.2-fpm.sock:", host: "ajayd.twigtraining.36.aum"
2020/04/02 15:06:08 [error] 902#902: *61 FastCGI sent in stderr: "PHP message: PHP Fatal error:  Uncaught Twig\Error\SyntaxError: Unknown "dump" function. in /home/ajayd/web/ajayd.twigtraining.36.aum/templates/twig-function.html.twig:27
Stack trace:
#0 /home/ajayd/web/ajayd.twigtraining.36.aum/vendor/twig/twig/src/ExpressionParser.php(446): Twig\ExpressionParser->getFunctionNodeClass('dump', 27)
#1 /home/ajayd/web/ajayd.twigtraining.36.aum/vendor/twig/twig/src/ExpressionParser.php(235): Twig\ExpressionParser->getFunctionNode('dump', 27)
#2 /home/ajayd/web/ajayd.twigtraining.36.aum/vendor/twig/twig/src/ExpressionParser.php(175): Twig\ExpressionParser->parsePrimaryExpression()
#3 /home/ajayd/web/ajayd.twigtraining.36.aum/vendor/twig/twig/src/ExpressionParser.php(70): Twig\ExpressionParser->getPrimary()
#4 /home/ajayd/web/ajayd.twigtraining.36.aum/vendor/twig/twig/src/Parser.php(139): Twig\ExpressionParser->parseExpression()
#5 /home/ajayd/web/ajayd.twigtraining.36.aum/vendor/twig/twig/src/TokenParser/BlockTokenParser.php(45): Twig\Parser->subparse(Array, true)
#6 /home/aj" while reading response header from upstream, client: 127.0.0.1, server: ajayd.twigtraining.36.aum, request: "GET /twig-function.php HTTP/1.1", upstream: "fastcgi://unix:/var/run/php/php7.2-fpm.sock:", host: "ajayd.twigtraining.36.aum"
